running egg_info
creating ../../build/nav_planning_BT/nav_planning_BT.egg-info
writing ../../build/nav_planning_BT/nav_planning_BT.egg-info/PKG-INFO
writing dependency_links to ../../build/nav_planning_BT/nav_planning_BT.egg-info/dependency_links.txt
writing entry points to ../../build/nav_planning_BT/nav_planning_BT.egg-info/entry_points.txt
writing requirements to ../../build/nav_planning_BT/nav_planning_BT.egg-info/requires.txt
writing top-level names to ../../build/nav_planning_BT/nav_planning_BT.egg-info/top_level.txt
writing manifest file '../../build/nav_planning_BT/nav_planning_BT.egg-info/SOURCES.txt'
reading manifest file '../../build/nav_planning_BT/nav_planning_BT.egg-info/SOURCES.txt'
writing manifest file '../../build/nav_planning_BT/nav_planning_BT.egg-info/SOURCES.txt'
running build
running build_py
creating /home/laiting/HMR_WS/build/nav_planning_BT/build
creating /home/laiting/HMR_WS/build/nav_planning_BT/build/lib
creating /home/laiting/HMR_WS/build/nav_planning_BT/build/lib/nav_planning_BT
copying nav_planning_BT/situation_table_node.py -> /home/laiting/HMR_WS/build/nav_planning_BT/build/lib/nav_planning_BT
copying nav_planning_BT/basic_condition_testing_node.py -> /home/laiting/HMR_WS/build/nav_planning_BT/build/lib/nav_planning_BT
copying nav_planning_BT/nav_planning_BT_node.py -> /home/laiting/HMR_WS/build/nav_planning_BT/build/lib/nav_planning_BT
copying nav_planning_BT/__init__.py -> /home/laiting/HMR_WS/build/nav_planning_BT/build/lib/nav_planning_BT
copying nav_planning_BT/nav_to_safe_point.py -> /home/laiting/HMR_WS/build/nav_planning_BT/build/lib/nav_planning_BT
running install
running install_lib
creating /home/laiting/HMR_WS/install/nav_planning_BT/lib/python3.10/site-packages/nav_planning_BT
copying /home/laiting/HMR_WS/build/nav_planning_BT/build/lib/nav_planning_BT/situation_table_node.py -> /home/laiting/HMR_WS/install/nav_planning_BT/lib/python3.10/site-packages/nav_planning_BT
copying /home/laiting/HMR_WS/build/nav_planning_BT/build/lib/nav_planning_BT/basic_condition_testing_node.py -> /home/laiting/HMR_WS/install/nav_planning_BT/lib/python3.10/site-packages/nav_planning_BT
copying /home/laiting/HMR_WS/build/nav_planning_BT/build/lib/nav_planning_BT/nav_planning_BT_node.py -> /home/laiting/HMR_WS/install/nav_planning_BT/lib/python3.10/site-packages/nav_planning_BT
copying /home/laiting/HMR_WS/build/nav_planning_BT/build/lib/nav_planning_BT/__init__.py -> /home/laiting/HMR_WS/install/nav_planning_BT/lib/python3.10/site-packages/nav_planning_BT
copying /home/laiting/HMR_WS/build/nav_planning_BT/build/lib/nav_planning_BT/nav_to_safe_point.py -> /home/laiting/HMR_WS/install/nav_planning_BT/lib/python3.10/site-packages/nav_planning_BT
byte-compiling /home/laiting/HMR_WS/install/nav_planning_BT/lib/python3.10/site-packages/nav_planning_BT/situation_table_node.py to situation_table_node.cpython-310.pyc
byte-compiling /home/laiting/HMR_WS/install/nav_planning_BT/lib/python3.10/site-packages/nav_planning_BT/basic_condition_testing_node.py to basic_condition_testing_node.cpython-310.pyc
byte-compiling /home/laiting/HMR_WS/install/nav_planning_BT/lib/python3.10/site-packages/nav_planning_BT/nav_planning_BT_node.py to nav_planning_BT_node.cpython-310.pyc
byte-compiling /home/laiting/HMR_WS/install/nav_planning_BT/lib/python3.10/site-packages/nav_planning_BT/__init__.py to __init__.cpython-310.pyc
byte-compiling /home/laiting/HMR_WS/install/nav_planning_BT/lib/python3.10/site-packages/nav_planning_BT/nav_to_safe_point.py to nav_to_safe_point.cpython-310.pyc
running install_data
creating /home/laiting/HMR_WS/install/nav_planning_BT/share/ament_index
creating /home/laiting/HMR_WS/install/nav_planning_BT/share/ament_index/resource_index
creating /home/laiting/HMR_WS/install/nav_planning_BT/share/ament_index/resource_index/packages
copying resource/nav_planning_BT -> /home/laiting/HMR_WS/install/nav_planning_BT/share/ament_index/resource_index/packages
copying package.xml -> /home/laiting/HMR_WS/install/nav_planning_BT/share/nav_planning_BT
running install_egg_info
Copying ../../build/nav_planning_BT/nav_planning_BT.egg-info to /home/laiting/HMR_WS/install/nav_planning_BT/lib/python3.10/site-packages/nav_planning_BT-0.0.0-py3.10.egg-info
running install_scripts
Installing basic_condition_testing_node script to /home/laiting/HMR_WS/install/nav_planning_BT/lib/nav_planning_BT
Installing nav_planning_BT_node script to /home/laiting/HMR_WS/install/nav_planning_BT/lib/nav_planning_BT
Installing nav_to_safe_point script to /home/laiting/HMR_WS/install/nav_planning_BT/lib/nav_planning_BT
Installing situation_table_node script to /home/laiting/HMR_WS/install/nav_planning_BT/lib/nav_planning_BT
writing list of installed files to '/home/laiting/HMR_WS/build/nav_planning_BT/install.log'
