[1.569s] Invoking command in '/home/laiting/HMR_WS/src/nav_planning_BT': PYTHONPATH=/home/laiting/HMR_WS/build/nav_planning_BT/prefix_override:/usr/lib/python3/dist-packages/colcon_core/task/python/colcon_distutils_commands:/home/laiting/HMR_WS/install/nav_planning_BT/lib/python3.10/site-packages:${PYTHONPATH} /usr/bin/python3 -W ignore:setup.py install is deprecated -W ignore:easy_install command is deprecated setup.py egg_info --egg-base ../../build/nav_planning_BT build --build-base /home/laiting/HMR_WS/build/nav_planning_BT/build install --record /home/laiting/HMR_WS/build/nav_planning_BT/install.log --single-version-externally-managed install_data
[1.998s] running egg_info
[2.000s] writing ../../build/nav_planning_BT/nav_planning_BT.egg-info/PKG-INFO
[2.001s] writing dependency_links to ../../build/nav_planning_BT/nav_planning_BT.egg-info/dependency_links.txt
[2.001s] writing entry points to ../../build/nav_planning_BT/nav_planning_BT.egg-info/entry_points.txt
[2.001s] writing requirements to ../../build/nav_planning_BT/nav_planning_BT.egg-info/requires.txt
[2.001s] writing top-level names to ../../build/nav_planning_BT/nav_planning_BT.egg-info/top_level.txt
[2.003s] reading manifest file '../../build/nav_planning_BT/nav_planning_BT.egg-info/SOURCES.txt'
[2.004s] writing manifest file '../../build/nav_planning_BT/nav_planning_BT.egg-info/SOURCES.txt'
[2.004s] running build
[2.004s] running build_py
[2.005s] running install
[2.006s] running install_lib
[2.007s] running install_data
[2.008s] running install_egg_info
[2.010s] removing '/home/laiting/HMR_WS/install/nav_planning_BT/lib/python3.10/site-packages/nav_planning_BT-0.0.0-py3.10.egg-info' (and everything under it)
[2.010s] Copying ../../build/nav_planning_BT/nav_planning_BT.egg-info to /home/laiting/HMR_WS/install/nav_planning_BT/lib/python3.10/site-packages/nav_planning_BT-0.0.0-py3.10.egg-info
[2.012s] running install_scripts
[2.051s] Installing basic_condition_testing_node script to /home/laiting/HMR_WS/install/nav_planning_BT/lib/nav_planning_BT
[2.051s] Installing nav_planning_BT_node script to /home/laiting/HMR_WS/install/nav_planning_BT/lib/nav_planning_BT
[2.051s] Installing nav_to_safe_point script to /home/laiting/HMR_WS/install/nav_planning_BT/lib/nav_planning_BT
[2.051s] Installing nearest_wall_finder script to /home/laiting/HMR_WS/install/nav_planning_BT/lib/nav_planning_BT
[2.051s] Installing situation_table_node script to /home/laiting/HMR_WS/install/nav_planning_BT/lib/nav_planning_BT
[2.052s] writing list of installed files to '/home/laiting/HMR_WS/build/nav_planning_BT/install.log'
[2.100s] Invoked command in '/home/laiting/HMR_WS/src/nav_planning_BT' returned '0': PYTHONPATH=/home/laiting/HMR_WS/build/nav_planning_BT/prefix_override:/usr/lib/python3/dist-packages/colcon_core/task/python/colcon_distutils_commands:/home/laiting/HMR_WS/install/nav_planning_BT/lib/python3.10/site-packages:${PYTHONPATH} /usr/bin/python3 -W ignore:setup.py install is deprecated -W ignore:easy_install command is deprecated setup.py egg_info --egg-base ../../build/nav_planning_BT build --build-base /home/laiting/HMR_WS/build/nav_planning_BT/build install --record /home/laiting/HMR_WS/build/nav_planning_BT/install.log --single-version-externally-managed install_data
