[0.657s] Invoking command in '/home/laiting/HMR_WS/src/nav_planning_BT': PYTHONPATH=/home/laiting/HMR_WS/build/nav_planning_BT/prefix_override:/usr/lib/python3/dist-packages/colcon_core/task/python/colcon_distutils_commands:/home/laiting/HMR_WS/install/nav_planning_BT/lib/python3.10/site-packages:${PYTHONPATH} /usr/bin/python3 -W ignore:setup.py install is deprecated -W ignore:easy_install command is deprecated setup.py egg_info --egg-base ../../build/nav_planning_BT build --build-base /home/laiting/HMR_WS/build/nav_planning_BT/build install --record /home/laiting/HMR_WS/build/nav_planning_BT/install.log --single-version-externally-managed install_data
[0.928s] running egg_info
[0.928s] writing ../../build/nav_planning_BT/nav_planning_BT.egg-info/PKG-INFO
[0.928s] writing dependency_links to ../../build/nav_planning_BT/nav_planning_BT.egg-info/dependency_links.txt
[0.928s] writing entry points to ../../build/nav_planning_BT/nav_planning_BT.egg-info/entry_points.txt
[0.929s] writing requirements to ../../build/nav_planning_BT/nav_planning_BT.egg-info/requires.txt
[0.929s] writing top-level names to ../../build/nav_planning_BT/nav_planning_BT.egg-info/top_level.txt
[0.930s] reading manifest file '../../build/nav_planning_BT/nav_planning_BT.egg-info/SOURCES.txt'
[0.931s] writing manifest file '../../build/nav_planning_BT/nav_planning_BT.egg-info/SOURCES.txt'
[0.931s] running build
[0.931s] running build_py
[0.931s] copying nav_planning_BT/nav_planning_BT_node.py -> /home/laiting/HMR_WS/build/nav_planning_BT/build/lib/nav_planning_BT
[0.931s] running install
[0.932s] running install_lib
[0.932s] copying /home/laiting/HMR_WS/build/nav_planning_BT/build/lib/nav_planning_BT/nav_planning_BT_node.py -> /home/laiting/HMR_WS/install/nav_planning_BT/lib/python3.10/site-packages/nav_planning_BT
[0.933s] byte-compiling /home/laiting/HMR_WS/install/nav_planning_BT/lib/python3.10/site-packages/nav_planning_BT/nav_planning_BT_node.py to nav_planning_BT_node.cpython-310.pyc
[0.934s] running install_data
[0.934s] running install_egg_info
[0.936s] removing '/home/laiting/HMR_WS/install/nav_planning_BT/lib/python3.10/site-packages/nav_planning_BT-0.0.0-py3.10.egg-info' (and everything under it)
[0.936s] Copying ../../build/nav_planning_BT/nav_planning_BT.egg-info to /home/laiting/HMR_WS/install/nav_planning_BT/lib/python3.10/site-packages/nav_planning_BT-0.0.0-py3.10.egg-info
[0.937s] running install_scripts
[0.956s] Installing basic_condition_testing_node script to /home/laiting/HMR_WS/install/nav_planning_BT/lib/nav_planning_BT
[0.956s] Installing nav_planning_BT_node script to /home/laiting/HMR_WS/install/nav_planning_BT/lib/nav_planning_BT
[0.956s] writing list of installed files to '/home/laiting/HMR_WS/build/nav_planning_BT/install.log'
[0.974s] Invoked command in '/home/laiting/HMR_WS/src/nav_planning_BT' returned '0': PYTHONPATH=/home/laiting/HMR_WS/build/nav_planning_BT/prefix_override:/usr/lib/python3/dist-packages/colcon_core/task/python/colcon_distutils_commands:/home/laiting/HMR_WS/install/nav_planning_BT/lib/python3.10/site-packages:${PYTHONPATH} /usr/bin/python3 -W ignore:setup.py install is deprecated -W ignore:easy_install command is deprecated setup.py egg_info --egg-base ../../build/nav_planning_BT build --build-base /home/laiting/HMR_WS/build/nav_planning_BT/build install --record /home/laiting/HMR_WS/build/nav_planning_BT/install.log --single-version-externally-managed install_data
