[0.110s] DEBUG:colcon:Command line arguments: ['/usr/bin/colcon', 'build']
[0.110s] DEBUG:colcon:Parsed command line arguments: Namespace(log_base=None, log_level=None, verb_name='build', build_base='build', install_base='install', merge_install=False, symlink_install=False, test_result_base=None, continue_on_error=False, executor='parallel', parallel_workers=12, event_handlers=None, ignore_user_meta=False, metas=['./colcon.meta'], base_paths=['.'], packages_ignore=None, packages_ignore_regex=None, paths=None, packages_up_to=None, packages_up_to_regex=None, packages_above=None, packages_above_and_dependencies=None, packages_above_depth=None, packages_select_by_dep=None, packages_skip_by_dep=None, packages_skip_up_to=None, packages_select_build_failed=False, packages_skip_build_finished=False, packages_select_test_failures=False, packages_skip_test_passed=False, packages_select=None, packages_skip=None, packages_select_regex=None, packages_skip_regex=None, packages_start=None, packages_end=None, allow_overriding=[], cmake_args=None, cmake_target=None, cmake_target_skip_unavailable=False, cmake_clean_cache=False, cmake_clean_first=False, cmake_force_configure=False, ament_cmake_args=None, catkin_cmake_args=None, catkin_skip_building_tests=False, verb_parser=<colcon_defaults.argument_parser.defaults.DefaultArgumentsDecorator object at 0x7fb8b8c79e40>, verb_extension=<colcon_core.verb.build.BuildVerb object at 0x7fb8b8c794b0>, main=<bound method BuildVerb.main of <colcon_core.verb.build.BuildVerb object at 0x7fb8b8c794b0>>)
[0.293s] Level 1:colcon.colcon_core.package_discovery:discover_packages(colcon_meta) check parameters
[0.293s] Level 1:colcon.colcon_core.package_discovery:discover_packages(recursive) check parameters
[0.293s] Level 1:colcon.colcon_core.package_discovery:discover_packages(ignore) check parameters
[0.294s] Level 1:colcon.colcon_core.package_discovery:discover_packages(path) check parameters
[0.294s] Level 1:colcon.colcon_core.package_discovery:discover_packages(colcon_meta) discover
[0.294s] Level 1:colcon.colcon_core.package_discovery:discover_packages(recursive) discover
[0.294s] INFO:colcon.colcon_core.package_discovery:Crawling recursively for packages in '/home/laiting/HMR_WS'
[0.294s] Level 1:colcon.colcon_core.package_identification:_identify(.) by extensions ['ignore', 'ignore_ament_install']
[0.294s] Level 1:colcon.colcon_core.package_identification:_identify(.) by extension 'ignore'
[0.294s] Level 1:colcon.colcon_core.package_identification:_identify(.) by extension 'ignore_ament_install'
[0.294s] Level 1:colcon.colcon_core.package_identification:_identify(.) by extensions ['colcon_pkg']
[0.294s] Level 1:colcon.colcon_core.package_identification:_identify(.) by extension 'colcon_pkg'
[0.294s] Level 1:colcon.colcon_core.package_identification:_identify(.) by extensions ['colcon_meta']
[0.294s] Level 1:colcon.colcon_core.package_identification:_identify(.) by extension 'colcon_meta'
[0.294s] Level 1:colcon.colcon_core.package_identification:_identify(.) by extensions ['ros']
[0.294s] Level 1:colcon.colcon_core.package_identification:_identify(.) by extension 'ros'
[0.310s] Level 1:colcon.colcon_core.package_identification:_identify(.) by extensions ['cmake', 'python']
[0.310s] Level 1:colcon.colcon_core.package_identification:_identify(.) by extension 'cmake'
[0.310s] Level 1:colcon.colcon_core.package_identification:_identify(.) by extension 'python'
[0.310s] Level 1:colcon.colcon_core.package_identification:_identify(.) by extensions ['python_setup_py']
[0.310s] Level 1:colcon.colcon_core.package_identification:_identify(.) by extension 'python_setup_py'
[0.311s] Level 1:colcon.colcon_core.package_identification:_identify(build) by extensions ['ignore', 'ignore_ament_install']
[0.311s] Level 1:colcon.colcon_core.package_identification:_identify(build) by extension 'ignore'
[0.311s] Level 1:colcon.colcon_core.package_identification:_identify(build) ignored
[0.311s] Level 1:colcon.colcon_core.package_identification:_identify(install) by extensions ['ignore', 'ignore_ament_install']
[0.311s] Level 1:colcon.colcon_core.package_identification:_identify(install) by extension 'ignore'
[0.311s] Level 1:colcon.colcon_core.package_identification:_identify(install) ignored
[0.311s] Level 1:colcon.colcon_core.package_identification:_identify(log) by extensions ['ignore', 'ignore_ament_install']
[0.311s] Level 1:colcon.colcon_core.package_identification:_identify(log) by extension 'ignore'
[0.311s] Level 1:colcon.colcon_core.package_identification:_identify(log) ignored
[0.311s] Level 1:colcon.colcon_core.package_identification:_identify(src) by extensions ['ignore', 'ignore_ament_install']
[0.311s] Level 1:colcon.colcon_core.package_identification:_identify(src) by extension 'ignore'
[0.311s] Level 1:colcon.colcon_core.package_identification:_identify(src) by extension 'ignore_ament_install'
[0.311s] Level 1:colcon.colcon_core.package_identification:_identify(src) by extensions ['colcon_pkg']
[0.311s] Level 1:colcon.colcon_core.package_identification:_identify(src) by extension 'colcon_pkg'
[0.311s] Level 1:colcon.colcon_core.package_identification:_identify(src) by extensions ['colcon_meta']
[0.311s] Level 1:colcon.colcon_core.package_identification:_identify(src) by extension 'colcon_meta'
[0.311s] Level 1:colcon.colcon_core.package_identification:_identify(src) by extensions ['ros']
[0.311s] Level 1:colcon.colcon_core.package_identification:_identify(src) by extension 'ros'
[0.312s] Level 1:colcon.colcon_core.package_identification:_identify(src) by extensions ['cmake', 'python']
[0.312s] Level 1:colcon.colcon_core.package_identification:_identify(src) by extension 'cmake'
[0.312s] Level 1:colcon.colcon_core.package_identification:_identify(src) by extension 'python'
[0.312s] Level 1:colcon.colcon_core.package_identification:_identify(src) by extensions ['python_setup_py']
[0.312s] Level 1:colcon.colcon_core.package_identification:_identify(src) by extension 'python_setup_py'
[0.312s] Level 1:colcon.colcon_core.package_identification:_identify(src/lidar_realsense_combination) by extensions ['ignore', 'ignore_ament_install']
[0.312s] Level 1:colcon.colcon_core.package_identification:_identify(src/lidar_realsense_combination) by extension 'ignore'
[0.312s] Level 1:colcon.colcon_core.package_identification:_identify(src/lidar_realsense_combination) by extension 'ignore_ament_install'
[0.312s] Level 1:colcon.colcon_core.package_identification:_identify(src/lidar_realsense_combination) by extensions ['colcon_pkg']
[0.312s] Level 1:colcon.colcon_core.package_identification:_identify(src/lidar_realsense_combination) by extension 'colcon_pkg'
[0.312s] Level 1:colcon.colcon_core.package_identification:_identify(src/lidar_realsense_combination) by extensions ['colcon_meta']
[0.312s] Level 1:colcon.colcon_core.package_identification:_identify(src/lidar_realsense_combination) by extension 'colcon_meta'
[0.312s] Level 1:colcon.colcon_core.package_identification:_identify(src/lidar_realsense_combination) by extensions ['ros']
[0.312s] Level 1:colcon.colcon_core.package_identification:_identify(src/lidar_realsense_combination) by extension 'ros'
[0.314s] DEBUG:colcon.colcon_core.package_identification:Package 'src/lidar_realsense_combination' with type 'ros.ament_python' and name 'lidar_realsense_combination'
[0.314s] Level 1:colcon.colcon_core.package_identification:_identify(src/nav_planning_BT) by extensions ['ignore', 'ignore_ament_install']
[0.314s] Level 1:colcon.colcon_core.package_identification:_identify(src/nav_planning_BT) by extension 'ignore'
[0.314s] Level 1:colcon.colcon_core.package_identification:_identify(src/nav_planning_BT) by extension 'ignore_ament_install'
[0.314s] Level 1:colcon.colcon_core.package_identification:_identify(src/nav_planning_BT) by extensions ['colcon_pkg']
[0.314s] Level 1:colcon.colcon_core.package_identification:_identify(src/nav_planning_BT) by extension 'colcon_pkg'
[0.315s] Level 1:colcon.colcon_core.package_identification:_identify(src/nav_planning_BT) by extensions ['colcon_meta']
[0.315s] Level 1:colcon.colcon_core.package_identification:_identify(src/nav_planning_BT) by extension 'colcon_meta'
[0.315s] Level 1:colcon.colcon_core.package_identification:_identify(src/nav_planning_BT) by extensions ['ros']
[0.315s] Level 1:colcon.colcon_core.package_identification:_identify(src/nav_planning_BT) by extension 'ros'
[0.315s] DEBUG:colcon.colcon_core.package_identification:Package 'src/nav_planning_BT' with type 'ros.ament_python' and name 'nav_planning_BT'
[0.315s] Level 1:colcon.colcon_core.package_identification:_identify(src/obstacle_finding_test) by extensions ['ignore', 'ignore_ament_install']
[0.315s] Level 1:colcon.colcon_core.package_identification:_identify(src/obstacle_finding_test) by extension 'ignore'
[0.315s] Level 1:colcon.colcon_core.package_identification:_identify(src/obstacle_finding_test) by extension 'ignore_ament_install'
[0.315s] Level 1:colcon.colcon_core.package_identification:_identify(src/obstacle_finding_test) by extensions ['colcon_pkg']
[0.315s] Level 1:colcon.colcon_core.package_identification:_identify(src/obstacle_finding_test) by extension 'colcon_pkg'
[0.315s] Level 1:colcon.colcon_core.package_identification:_identify(src/obstacle_finding_test) by extensions ['colcon_meta']
[0.315s] Level 1:colcon.colcon_core.package_identification:_identify(src/obstacle_finding_test) by extension 'colcon_meta'
[0.315s] Level 1:colcon.colcon_core.package_identification:_identify(src/obstacle_finding_test) by extensions ['ros']
[0.316s] Level 1:colcon.colcon_core.package_identification:_identify(src/obstacle_finding_test) by extension 'ros'
[0.316s] DEBUG:colcon.colcon_core.package_identification:Package 'src/obstacle_finding_test' with type 'ros.ament_python' and name 'obstacle_finding_test'
[0.316s] Level 1:colcon.colcon_core.package_identification:_identify(src/rs_bringup) by extensions ['ignore', 'ignore_ament_install']
[0.316s] Level 1:colcon.colcon_core.package_identification:_identify(src/rs_bringup) by extension 'ignore'
[0.316s] Level 1:colcon.colcon_core.package_identification:_identify(src/rs_bringup) by extension 'ignore_ament_install'
[0.316s] Level 1:colcon.colcon_core.package_identification:_identify(src/rs_bringup) by extensions ['colcon_pkg']
[0.316s] Level 1:colcon.colcon_core.package_identification:_identify(src/rs_bringup) by extension 'colcon_pkg'
[0.316s] Level 1:colcon.colcon_core.package_identification:_identify(src/rs_bringup) by extensions ['colcon_meta']
[0.316s] Level 1:colcon.colcon_core.package_identification:_identify(src/rs_bringup) by extension 'colcon_meta'
[0.317s] Level 1:colcon.colcon_core.package_identification:_identify(src/rs_bringup) by extensions ['ros']
[0.317s] Level 1:colcon.colcon_core.package_identification:_identify(src/rs_bringup) by extension 'ros'
[0.317s] DEBUG:colcon.colcon_core.package_identification:Package 'src/rs_bringup' with type 'ros.ament_cmake' and name 'rs_bringup'
[0.317s] Level 1:colcon.colcon_core.package_discovery:discover_packages(recursive) using defaults
[0.317s] Level 1:colcon.colcon_core.package_discovery:discover_packages(ignore) discover
[0.317s] Level 1:colcon.colcon_core.package_discovery:discover_packages(ignore) using defaults
[0.317s] Level 1:colcon.colcon_core.package_discovery:discover_packages(path) discover
[0.317s] Level 1:colcon.colcon_core.package_discovery:discover_packages(path) using defaults
[0.342s] Level 1:colcon.colcon_core.package_discovery:discover_packages(prefix_path) check parameters
[0.342s] Level 1:colcon.colcon_core.package_discovery:discover_packages(prefix_path) discover
[0.346s] DEBUG:colcon.colcon_installed_package_information.package_discovery:Found 15 installed packages in /home/laiting/turtlebot3_ws/install
[0.346s] DEBUG:colcon.colcon_installed_package_information.package_discovery:Found 1 installed packages in /home/laiting/ros2_ws_test/install
[0.347s] DEBUG:colcon.colcon_installed_package_information.package_discovery:Found 383 installed packages in /opt/ros/humble
[0.350s] Level 1:colcon.colcon_core.package_discovery:discover_packages(prefix_path) using defaults
[0.405s] Level 5:colcon.colcon_core.verb:set package 'lidar_realsense_combination' build argument 'cmake_args' from command line to 'None'
[0.405s] Level 5:colcon.colcon_core.verb:set package 'lidar_realsense_combination' build argument 'cmake_target' from command line to 'None'
[0.406s] Level 5:colcon.colcon_core.verb:set package 'lidar_realsense_combination' build argument 'cmake_target_skip_unavailable' from command line to 'False'
[0.406s] Level 5:colcon.colcon_core.verb:set package 'lidar_realsense_combination' build argument 'cmake_clean_cache' from command line to 'False'
[0.406s] Level 5:colcon.colcon_core.verb:set package 'lidar_realsense_combination' build argument 'cmake_clean_first' from command line to 'False'
[0.406s] Level 5:colcon.colcon_core.verb:set package 'lidar_realsense_combination' build argument 'cmake_force_configure' from command line to 'False'
[0.406s] Level 5:colcon.colcon_core.verb:set package 'lidar_realsense_combination' build argument 'ament_cmake_args' from command line to 'None'
[0.406s] Level 5:colcon.colcon_core.verb:set package 'lidar_realsense_combination' build argument 'catkin_cmake_args' from command line to 'None'
[0.406s] Level 5:colcon.colcon_core.verb:set package 'lidar_realsense_combination' build argument 'catkin_skip_building_tests' from command line to 'False'
[0.406s] DEBUG:colcon.colcon_core.verb:Building package 'lidar_realsense_combination' with the following arguments: {'ament_cmake_args': None, 'build_base': '/home/laiting/HMR_WS/build/lidar_realsense_combination', 'catkin_cmake_args': None, 'catkin_skip_building_tests': False, 'cmake_args': None, 'cmake_clean_cache': False, 'cmake_clean_first': False, 'cmake_force_configure': False, 'cmake_target': None, 'cmake_target_skip_unavailable': False, 'install_base': '/home/laiting/HMR_WS/install/lidar_realsense_combination', 'merge_install': False, 'path': '/home/laiting/HMR_WS/src/lidar_realsense_combination', 'symlink_install': False, 'test_result_base': None}
[0.406s] Level 5:colcon.colcon_core.verb:set package 'nav_planning_BT' build argument 'cmake_args' from command line to 'None'
[0.406s] Level 5:colcon.colcon_core.verb:set package 'nav_planning_BT' build argument 'cmake_target' from command line to 'None'
[0.406s] Level 5:colcon.colcon_core.verb:set package 'nav_planning_BT' build argument 'cmake_target_skip_unavailable' from command line to 'False'
[0.406s] Level 5:colcon.colcon_core.verb:set package 'nav_planning_BT' build argument 'cmake_clean_cache' from command line to 'False'
[0.406s] Level 5:colcon.colcon_core.verb:set package 'nav_planning_BT' build argument 'cmake_clean_first' from command line to 'False'
[0.406s] Level 5:colcon.colcon_core.verb:set package 'nav_planning_BT' build argument 'cmake_force_configure' from command line to 'False'
[0.406s] Level 5:colcon.colcon_core.verb:set package 'nav_planning_BT' build argument 'ament_cmake_args' from command line to 'None'
[0.406s] Level 5:colcon.colcon_core.verb:set package 'nav_planning_BT' build argument 'catkin_cmake_args' from command line to 'None'
[0.406s] Level 5:colcon.colcon_core.verb:set package 'nav_planning_BT' build argument 'catkin_skip_building_tests' from command line to 'False'
[0.406s] DEBUG:colcon.colcon_core.verb:Building package 'nav_planning_BT' with the following arguments: {'ament_cmake_args': None, 'build_base': '/home/laiting/HMR_WS/build/nav_planning_BT', 'catkin_cmake_args': None, 'catkin_skip_building_tests': False, 'cmake_args': None, 'cmake_clean_cache': False, 'cmake_clean_first': False, 'cmake_force_configure': False, 'cmake_target': None, 'cmake_target_skip_unavailable': False, 'install_base': '/home/laiting/HMR_WS/install/nav_planning_BT', 'merge_install': False, 'path': '/home/laiting/HMR_WS/src/nav_planning_BT', 'symlink_install': False, 'test_result_base': None}
[0.407s] Level 5:colcon.colcon_core.verb:set package 'obstacle_finding_test' build argument 'cmake_args' from command line to 'None'
[0.407s] Level 5:colcon.colcon_core.verb:set package 'obstacle_finding_test' build argument 'cmake_target' from command line to 'None'
[0.407s] Level 5:colcon.colcon_core.verb:set package 'obstacle_finding_test' build argument 'cmake_target_skip_unavailable' from command line to 'False'
[0.407s] Level 5:colcon.colcon_core.verb:set package 'obstacle_finding_test' build argument 'cmake_clean_cache' from command line to 'False'
[0.407s] Level 5:colcon.colcon_core.verb:set package 'obstacle_finding_test' build argument 'cmake_clean_first' from command line to 'False'
[0.407s] Level 5:colcon.colcon_core.verb:set package 'obstacle_finding_test' build argument 'cmake_force_configure' from command line to 'False'
[0.407s] Level 5:colcon.colcon_core.verb:set package 'obstacle_finding_test' build argument 'ament_cmake_args' from command line to 'None'
[0.407s] Level 5:colcon.colcon_core.verb:set package 'obstacle_finding_test' build argument 'catkin_cmake_args' from command line to 'None'
[0.407s] Level 5:colcon.colcon_core.verb:set package 'obstacle_finding_test' build argument 'catkin_skip_building_tests' from command line to 'False'
[0.407s] DEBUG:colcon.colcon_core.verb:Building package 'obstacle_finding_test' with the following arguments: {'ament_cmake_args': None, 'build_base': '/home/laiting/HMR_WS/build/obstacle_finding_test', 'catkin_cmake_args': None, 'catkin_skip_building_tests': False, 'cmake_args': None, 'cmake_clean_cache': False, 'cmake_clean_first': False, 'cmake_force_configure': False, 'cmake_target': None, 'cmake_target_skip_unavailable': False, 'install_base': '/home/laiting/HMR_WS/install/obstacle_finding_test', 'merge_install': False, 'path': '/home/laiting/HMR_WS/src/obstacle_finding_test', 'symlink_install': False, 'test_result_base': None}
[0.407s] Level 5:colcon.colcon_core.verb:set package 'rs_bringup' build argument 'cmake_args' from command line to 'None'
[0.407s] Level 5:colcon.colcon_core.verb:set package 'rs_bringup' build argument 'cmake_target' from command line to 'None'
[0.407s] Level 5:colcon.colcon_core.verb:set package 'rs_bringup' build argument 'cmake_target_skip_unavailable' from command line to 'False'
[0.407s] Level 5:colcon.colcon_core.verb:set package 'rs_bringup' build argument 'cmake_clean_cache' from command line to 'False'
[0.407s] Level 5:colcon.colcon_core.verb:set package 'rs_bringup' build argument 'cmake_clean_first' from command line to 'False'
[0.407s] Level 5:colcon.colcon_core.verb:set package 'rs_bringup' build argument 'cmake_force_configure' from command line to 'False'
[0.407s] Level 5:colcon.colcon_core.verb:set package 'rs_bringup' build argument 'ament_cmake_args' from command line to 'None'
[0.407s] Level 5:colcon.colcon_core.verb:set package 'rs_bringup' build argument 'catkin_cmake_args' from command line to 'None'
[0.407s] Level 5:colcon.colcon_core.verb:set package 'rs_bringup' build argument 'catkin_skip_building_tests' from command line to 'False'
[0.407s] DEBUG:colcon.colcon_core.verb:Building package 'rs_bringup' with the following arguments: {'ament_cmake_args': None, 'build_base': '/home/laiting/HMR_WS/build/rs_bringup', 'catkin_cmake_args': None, 'catkin_skip_building_tests': False, 'cmake_args': None, 'cmake_clean_cache': False, 'cmake_clean_first': False, 'cmake_force_configure': False, 'cmake_target': None, 'cmake_target_skip_unavailable': False, 'install_base': '/home/laiting/HMR_WS/install/rs_bringup', 'merge_install': False, 'path': '/home/laiting/HMR_WS/src/rs_bringup', 'symlink_install': False, 'test_result_base': None}
[0.407s] INFO:colcon.colcon_core.executor:Executing jobs using 'parallel' executor
[0.408s] DEBUG:colcon.colcon_parallel_executor.executor.parallel:run_until_complete
[0.409s] INFO:colcon.colcon_ros.task.ament_python.build:Building ROS package in '/home/laiting/HMR_WS/src/lidar_realsense_combination' with build type 'ament_python'
[0.409s] Level 1:colcon.colcon_core.shell:create_environment_hook('lidar_realsense_combination', 'ament_prefix_path')
[0.412s] INFO:colcon.colcon_core.plugin_system:Skipping extension 'colcon_core.shell.bat': Not used on non-Windows systems
[0.412s] INFO:colcon.colcon_core.shell:Creating environment hook '/home/laiting/HMR_WS/install/lidar_realsense_combination/share/lidar_realsense_combination/hook/ament_prefix_path.ps1'
[0.412s] INFO:colcon.colcon_core.shell:Creating environment descriptor '/home/laiting/HMR_WS/install/lidar_realsense_combination/share/lidar_realsense_combination/hook/ament_prefix_path.dsv'
[0.413s] INFO:colcon.colcon_core.shell:Creating environment hook '/home/laiting/HMR_WS/install/lidar_realsense_combination/share/lidar_realsense_combination/hook/ament_prefix_path.sh'
[0.414s] INFO:colcon.colcon_core.shell:Skip shell extension 'powershell' for command environment: Not usable outside of PowerShell
[0.414s] DEBUG:colcon.colcon_core.shell:Skip shell extension 'dsv' for command environment
[0.418s] INFO:colcon.colcon_ros.task.ament_python.build:Building ROS package in '/home/laiting/HMR_WS/src/nav_planning_BT' with build type 'ament_python'
[0.419s] Level 1:colcon.colcon_core.shell:create_environment_hook('nav_planning_BT', 'ament_prefix_path')
[0.419s] INFO:colcon.colcon_core.shell:Creating environment hook '/home/laiting/HMR_WS/install/nav_planning_BT/share/nav_planning_BT/hook/ament_prefix_path.ps1'
[0.419s] INFO:colcon.colcon_core.shell:Creating environment descriptor '/home/laiting/HMR_WS/install/nav_planning_BT/share/nav_planning_BT/hook/ament_prefix_path.dsv'
[0.420s] INFO:colcon.colcon_core.shell:Creating environment hook '/home/laiting/HMR_WS/install/nav_planning_BT/share/nav_planning_BT/hook/ament_prefix_path.sh'
[0.420s] INFO:colcon.colcon_core.shell:Skip shell extension 'powershell' for command environment: Not usable outside of PowerShell
[0.420s] DEBUG:colcon.colcon_core.shell:Skip shell extension 'dsv' for command environment
[0.425s] INFO:colcon.colcon_ros.task.ament_python.build:Building ROS package in '/home/laiting/HMR_WS/src/obstacle_finding_test' with build type 'ament_python'
[0.426s] Level 1:colcon.colcon_core.shell:create_environment_hook('obstacle_finding_test', 'ament_prefix_path')
[0.426s] INFO:colcon.colcon_core.shell:Creating environment hook '/home/laiting/HMR_WS/install/obstacle_finding_test/share/obstacle_finding_test/hook/ament_prefix_path.ps1'
[0.426s] INFO:colcon.colcon_core.shell:Creating environment descriptor '/home/laiting/HMR_WS/install/obstacle_finding_test/share/obstacle_finding_test/hook/ament_prefix_path.dsv'
[0.427s] INFO:colcon.colcon_core.shell:Creating environment hook '/home/laiting/HMR_WS/install/obstacle_finding_test/share/obstacle_finding_test/hook/ament_prefix_path.sh'
[0.427s] INFO:colcon.colcon_core.shell:Skip shell extension 'powershell' for command environment: Not usable outside of PowerShell
[0.427s] DEBUG:colcon.colcon_core.shell:Skip shell extension 'dsv' for command environment
[0.432s] INFO:colcon.colcon_ros.task.ament_cmake.build:Building ROS package in '/home/laiting/HMR_WS/src/rs_bringup' with build type 'ament_cmake'
[0.432s] INFO:colcon.colcon_cmake.task.cmake.build:Building CMake package in '/home/laiting/HMR_WS/src/rs_bringup'
[0.432s] INFO:colcon.colcon_core.shell:Skip shell extension 'powershell' for command environment: Not usable outside of PowerShell
[0.432s] DEBUG:colcon.colcon_core.shell:Skip shell extension 'dsv' for command environment
[0.772s] INFO:colcon.colcon_core.task.python.build:Building Python package in '/home/laiting/HMR_WS/src/lidar_realsense_combination'
[0.772s] INFO:colcon.colcon_core.shell:Skip shell extension 'powershell' for command environment: Not usable outside of PowerShell
[0.772s] DEBUG:colcon.colcon_core.shell:Skip shell extension 'dsv' for command environment
[1.058s] INFO:colcon.colcon_core.task.python.build:Building Python package in '/home/laiting/HMR_WS/src/nav_planning_BT'
[1.059s] INFO:colcon.colcon_core.shell:Skip shell extension 'powershell' for command environment: Not usable outside of PowerShell
[1.059s] DEBUG:colcon.colcon_core.shell:Skip shell extension 'dsv' for command environment
[1.351s] INFO:colcon.colcon_core.task.python.build:Building Python package in '/home/laiting/HMR_WS/src/obstacle_finding_test'
[1.352s] INFO:colcon.colcon_core.shell:Skip shell extension 'powershell' for command environment: Not usable outside of PowerShell
[1.352s] DEBUG:colcon.colcon_core.shell:Skip shell extension 'dsv' for command environment
[1.376s] DEBUG:colcon.colcon_core.event_handler.log_command:Invoking command in '/home/laiting/HMR_WS/build/rs_bringup': CMAKE_PREFIX_PATH=${CMAKE_PREFIX_PATH}:/home/laiting/turtlebot3_ws/install/turtlebot3_teleop:/home/laiting/turtlebot3_ws/install/turtlebot3_example:/home/laiting/ros2_ws_test/install/my_robot_controller:/opt/ros/humble /usr/bin/cmake --build /home/laiting/HMR_WS/build/rs_bringup -- -j12 -l12
[1.549s] DEBUG:colcon.colcon_core.event_handler.log_command:Invoked command in '/home/laiting/HMR_WS/build/rs_bringup' returned '0': CMAKE_PREFIX_PATH=${CMAKE_PREFIX_PATH}:/home/laiting/turtlebot3_ws/install/turtlebot3_teleop:/home/laiting/turtlebot3_ws/install/turtlebot3_example:/home/laiting/ros2_ws_test/install/my_robot_controller:/opt/ros/humble /usr/bin/cmake --build /home/laiting/HMR_WS/build/rs_bringup -- -j12 -l12
[1.563s] DEBUG:colcon.colcon_core.event_handler.log_command:Invoking command in '/home/laiting/HMR_WS/build/rs_bringup': CMAKE_PREFIX_PATH=${CMAKE_PREFIX_PATH}:/home/laiting/turtlebot3_ws/install/turtlebot3_teleop:/home/laiting/turtlebot3_ws/install/turtlebot3_example:/home/laiting/ros2_ws_test/install/my_robot_controller:/opt/ros/humble /usr/bin/cmake --install /home/laiting/HMR_WS/build/rs_bringup
[1.577s] Level 1:colcon.colcon_core.environment:create_environment_scripts_only(rs_bringup)
[1.578s] DEBUG:colcon.colcon_core.event_handler.log_command:Invoked command in '/home/laiting/HMR_WS/build/rs_bringup' returned '0': CMAKE_PREFIX_PATH=${CMAKE_PREFIX_PATH}:/home/laiting/turtlebot3_ws/install/turtlebot3_teleop:/home/laiting/turtlebot3_ws/install/turtlebot3_example:/home/laiting/ros2_ws_test/install/my_robot_controller:/opt/ros/humble /usr/bin/cmake --install /home/laiting/HMR_WS/build/rs_bringup
[1.583s] Level 1:colcon.colcon_core.environment:checking '/home/laiting/HMR_WS/install/rs_bringup' for CMake module files
[1.584s] Level 1:colcon.colcon_core.environment:checking '/home/laiting/HMR_WS/install/rs_bringup' for CMake config files
[1.584s] Level 1:colcon.colcon_core.shell:create_environment_hook('rs_bringup', 'cmake_prefix_path')
[1.585s] INFO:colcon.colcon_core.shell:Creating environment hook '/home/laiting/HMR_WS/install/rs_bringup/share/rs_bringup/hook/cmake_prefix_path.ps1'
[1.585s] INFO:colcon.colcon_core.shell:Creating environment descriptor '/home/laiting/HMR_WS/install/rs_bringup/share/rs_bringup/hook/cmake_prefix_path.dsv'
[1.586s] INFO:colcon.colcon_core.shell:Creating environment hook '/home/laiting/HMR_WS/install/rs_bringup/share/rs_bringup/hook/cmake_prefix_path.sh'
[1.587s] Level 1:colcon.colcon_core.environment:checking '/home/laiting/HMR_WS/install/rs_bringup/bin'
[1.587s] Level 1:colcon.colcon_core.environment:checking '/home/laiting/HMR_WS/install/rs_bringup/lib/pkgconfig/rs_bringup.pc'
[1.588s] Level 1:colcon.colcon_core.environment:checking '/home/laiting/HMR_WS/install/rs_bringup/lib/python3.10/site-packages'
[1.588s] Level 1:colcon.colcon_core.environment:checking '/home/laiting/HMR_WS/install/rs_bringup/bin'
[1.588s] INFO:colcon.colcon_core.shell:Creating package script '/home/laiting/HMR_WS/install/rs_bringup/share/rs_bringup/package.ps1'
[1.590s] INFO:colcon.colcon_core.shell:Creating package descriptor '/home/laiting/HMR_WS/install/rs_bringup/share/rs_bringup/package.dsv'
[1.591s] INFO:colcon.colcon_core.shell:Creating package script '/home/laiting/HMR_WS/install/rs_bringup/share/rs_bringup/package.sh'
[1.592s] INFO:colcon.colcon_core.shell:Creating package script '/home/laiting/HMR_WS/install/rs_bringup/share/rs_bringup/package.bash'
[1.593s] INFO:colcon.colcon_core.shell:Creating package script '/home/laiting/HMR_WS/install/rs_bringup/share/rs_bringup/package.zsh'
[1.595s] Level 1:colcon.colcon_core.environment:create_file_with_runtime_dependencies(/home/laiting/HMR_WS/install/rs_bringup/share/colcon-core/packages/rs_bringup)
[1.596s] Level 1:colcon.colcon_core.environment:create_environment_scripts_only(rs_bringup)
[1.596s] Level 1:colcon.colcon_core.environment:checking '/home/laiting/HMR_WS/install/rs_bringup' for CMake module files
[1.597s] Level 1:colcon.colcon_core.environment:checking '/home/laiting/HMR_WS/install/rs_bringup' for CMake config files
[1.597s] Level 1:colcon.colcon_core.shell:create_environment_hook('rs_bringup', 'cmake_prefix_path')
[1.597s] INFO:colcon.colcon_core.shell:Creating environment hook '/home/laiting/HMR_WS/install/rs_bringup/share/rs_bringup/hook/cmake_prefix_path.ps1'
[1.598s] INFO:colcon.colcon_core.shell:Creating environment descriptor '/home/laiting/HMR_WS/install/rs_bringup/share/rs_bringup/hook/cmake_prefix_path.dsv'
[1.598s] INFO:colcon.colcon_core.shell:Creating environment hook '/home/laiting/HMR_WS/install/rs_bringup/share/rs_bringup/hook/cmake_prefix_path.sh'
[1.599s] Level 1:colcon.colcon_core.environment:checking '/home/laiting/HMR_WS/install/rs_bringup/bin'
[1.599s] Level 1:colcon.colcon_core.environment:checking '/home/laiting/HMR_WS/install/rs_bringup/lib/pkgconfig/rs_bringup.pc'
[1.600s] Level 1:colcon.colcon_core.environment:checking '/home/laiting/HMR_WS/install/rs_bringup/lib/python3.10/site-packages'
[1.600s] Level 1:colcon.colcon_core.environment:checking '/home/laiting/HMR_WS/install/rs_bringup/bin'
[1.600s] INFO:colcon.colcon_core.shell:Creating package script '/home/laiting/HMR_WS/install/rs_bringup/share/rs_bringup/package.ps1'
[1.601s] INFO:colcon.colcon_core.shell:Creating package descriptor '/home/laiting/HMR_WS/install/rs_bringup/share/rs_bringup/package.dsv'
[1.601s] INFO:colcon.colcon_core.shell:Creating package script '/home/laiting/HMR_WS/install/rs_bringup/share/rs_bringup/package.sh'
[1.602s] INFO:colcon.colcon_core.shell:Creating package script '/home/laiting/HMR_WS/install/rs_bringup/share/rs_bringup/package.bash'
[1.602s] INFO:colcon.colcon_core.shell:Creating package script '/home/laiting/HMR_WS/install/rs_bringup/share/rs_bringup/package.zsh'
[1.603s] Level 1:colcon.colcon_core.environment:create_file_with_runtime_dependencies(/home/laiting/HMR_WS/install/rs_bringup/share/colcon-core/packages/rs_bringup)
[1.952s] DEBUG:colcon.colcon_core.event_handler.log_command:Invoking command in '/home/laiting/HMR_WS/src/lidar_realsense_combination': PYTHONPATH=/home/laiting/HMR_WS/build/lidar_realsense_combination/prefix_override:/usr/lib/python3/dist-packages/colcon_core/task/python/colcon_distutils_commands:/home/laiting/HMR_WS/install/lidar_realsense_combination/lib/python3.10/site-packages:${PYTHONPATH} /usr/bin/python3 -W ignore:setup.py install is deprecated -W ignore:easy_install command is deprecated setup.py egg_info --egg-base ../../build/lidar_realsense_combination build --build-base /home/laiting/HMR_WS/build/lidar_realsense_combination/build install --record /home/laiting/HMR_WS/build/lidar_realsense_combination/install.log --single-version-externally-managed install_data
[1.957s] DEBUG:colcon.colcon_core.event_handler.log_command:Invoking command in '/home/laiting/HMR_WS/src/nav_planning_BT': PYTHONPATH=/home/laiting/HMR_WS/build/nav_planning_BT/prefix_override:/usr/lib/python3/dist-packages/colcon_core/task/python/colcon_distutils_commands:/home/laiting/HMR_WS/install/nav_planning_BT/lib/python3.10/site-packages:${PYTHONPATH} /usr/bin/python3 -W ignore:setup.py install is deprecated -W ignore:easy_install command is deprecated setup.py egg_info --egg-base ../../build/nav_planning_BT build --build-base /home/laiting/HMR_WS/build/nav_planning_BT/build install --record /home/laiting/HMR_WS/build/nav_planning_BT/install.log --single-version-externally-managed install_data
[1.958s] DEBUG:colcon.colcon_core.event_handler.log_command:Invoking command in '/home/laiting/HMR_WS/src/obstacle_finding_test': PYTHONPATH=/home/laiting/HMR_WS/build/obstacle_finding_test/prefix_override:/usr/lib/python3/dist-packages/colcon_core/task/python/colcon_distutils_commands:/home/laiting/HMR_WS/install/obstacle_finding_test/lib/python3.10/site-packages:${PYTHONPATH} /usr/bin/python3 -W ignore:setup.py install is deprecated -W ignore:easy_install command is deprecated setup.py egg_info --egg-base ../../build/obstacle_finding_test build --build-base /home/laiting/HMR_WS/build/obstacle_finding_test/build install --record /home/laiting/HMR_WS/build/obstacle_finding_test/install.log --single-version-externally-managed install_data
[2.308s] Level 1:colcon.colcon_core.environment:checking '/home/laiting/HMR_WS/install/lidar_realsense_combination' for CMake module files
[2.308s] DEBUG:colcon.colcon_core.event_handler.log_command:Invoked command in '/home/laiting/HMR_WS/src/lidar_realsense_combination' returned '0': PYTHONPATH=/home/laiting/HMR_WS/build/lidar_realsense_combination/prefix_override:/usr/lib/python3/dist-packages/colcon_core/task/python/colcon_distutils_commands:/home/laiting/HMR_WS/install/lidar_realsense_combination/lib/python3.10/site-packages:${PYTHONPATH} /usr/bin/python3 -W ignore:setup.py install is deprecated -W ignore:easy_install command is deprecated setup.py egg_info --egg-base ../../build/lidar_realsense_combination build --build-base /home/laiting/HMR_WS/build/lidar_realsense_combination/build install --record /home/laiting/HMR_WS/build/lidar_realsense_combination/install.log --single-version-externally-managed install_data
[2.309s] Level 1:colcon.colcon_core.environment:checking '/home/laiting/HMR_WS/install/lidar_realsense_combination' for CMake config files
[2.309s] Level 1:colcon.colcon_core.environment:checking '/home/laiting/HMR_WS/install/lidar_realsense_combination/lib'
[2.309s] Level 1:colcon.colcon_core.environment:checking '/home/laiting/HMR_WS/install/lidar_realsense_combination/bin'
[2.310s] Level 1:colcon.colcon_core.environment:checking '/home/laiting/HMR_WS/install/lidar_realsense_combination/lib/pkgconfig/lidar_realsense_combination.pc'
[2.310s] Level 1:colcon.colcon_core.environment:checking '/home/laiting/HMR_WS/install/lidar_realsense_combination/lib/python3.10/site-packages'
[2.310s] Level 1:colcon.colcon_core.shell:create_environment_hook('lidar_realsense_combination', 'pythonpath')
[2.310s] INFO:colcon.colcon_core.shell:Creating environment hook '/home/laiting/HMR_WS/install/lidar_realsense_combination/share/lidar_realsense_combination/hook/pythonpath.ps1'
[2.311s] INFO:colcon.colcon_core.shell:Creating environment descriptor '/home/laiting/HMR_WS/install/lidar_realsense_combination/share/lidar_realsense_combination/hook/pythonpath.dsv'
[2.311s] INFO:colcon.colcon_core.shell:Creating environment hook '/home/laiting/HMR_WS/install/lidar_realsense_combination/share/lidar_realsense_combination/hook/pythonpath.sh'
[2.312s] Level 1:colcon.colcon_core.environment:checking '/home/laiting/HMR_WS/install/lidar_realsense_combination/bin'
[2.312s] Level 1:colcon.colcon_core.environment:create_environment_scripts_only(lidar_realsense_combination)
[2.313s] INFO:colcon.colcon_core.shell:Creating package script '/home/laiting/HMR_WS/install/lidar_realsense_combination/share/lidar_realsense_combination/package.ps1'
[2.314s] INFO:colcon.colcon_core.shell:Creating package descriptor '/home/laiting/HMR_WS/install/lidar_realsense_combination/share/lidar_realsense_combination/package.dsv'
[2.314s] INFO:colcon.colcon_core.shell:Creating package script '/home/laiting/HMR_WS/install/lidar_realsense_combination/share/lidar_realsense_combination/package.sh'
[2.315s] INFO:colcon.colcon_core.shell:Creating package script '/home/laiting/HMR_WS/install/lidar_realsense_combination/share/lidar_realsense_combination/package.bash'
[2.315s] INFO:colcon.colcon_core.shell:Creating package script '/home/laiting/HMR_WS/install/lidar_realsense_combination/share/lidar_realsense_combination/package.zsh'
[2.315s] Level 1:colcon.colcon_core.environment:create_file_with_runtime_dependencies(/home/laiting/HMR_WS/install/lidar_realsense_combination/share/colcon-core/packages/lidar_realsense_combination)
[2.317s] Level 1:colcon.colcon_core.environment:checking '/home/laiting/HMR_WS/install/nav_planning_BT' for CMake module files
[2.318s] DEBUG:colcon.colcon_core.event_handler.log_command:Invoked command in '/home/laiting/HMR_WS/src/nav_planning_BT' returned '0': PYTHONPATH=/home/laiting/HMR_WS/build/nav_planning_BT/prefix_override:/usr/lib/python3/dist-packages/colcon_core/task/python/colcon_distutils_commands:/home/laiting/HMR_WS/install/nav_planning_BT/lib/python3.10/site-packages:${PYTHONPATH} /usr/bin/python3 -W ignore:setup.py install is deprecated -W ignore:easy_install command is deprecated setup.py egg_info --egg-base ../../build/nav_planning_BT build --build-base /home/laiting/HMR_WS/build/nav_planning_BT/build install --record /home/laiting/HMR_WS/build/nav_planning_BT/install.log --single-version-externally-managed install_data
[2.318s] Level 1:colcon.colcon_core.environment:checking '/home/laiting/HMR_WS/install/nav_planning_BT' for CMake config files
[2.319s] Level 1:colcon.colcon_core.environment:checking '/home/laiting/HMR_WS/install/nav_planning_BT/lib'
[2.319s] Level 1:colcon.colcon_core.environment:checking '/home/laiting/HMR_WS/install/nav_planning_BT/bin'
[2.319s] Level 1:colcon.colcon_core.environment:checking '/home/laiting/HMR_WS/install/nav_planning_BT/lib/pkgconfig/nav_planning_BT.pc'
[2.319s] Level 1:colcon.colcon_core.environment:checking '/home/laiting/HMR_WS/install/nav_planning_BT/lib/python3.10/site-packages'
[2.319s] Level 1:colcon.colcon_core.shell:create_environment_hook('nav_planning_BT', 'pythonpath')
[2.319s] INFO:colcon.colcon_core.shell:Creating environment hook '/home/laiting/HMR_WS/install/nav_planning_BT/share/nav_planning_BT/hook/pythonpath.ps1'
[2.320s] INFO:colcon.colcon_core.shell:Creating environment descriptor '/home/laiting/HMR_WS/install/nav_planning_BT/share/nav_planning_BT/hook/pythonpath.dsv'
[2.320s] INFO:colcon.colcon_core.shell:Creating environment hook '/home/laiting/HMR_WS/install/nav_planning_BT/share/nav_planning_BT/hook/pythonpath.sh'
[2.320s] Level 1:colcon.colcon_core.environment:checking '/home/laiting/HMR_WS/install/nav_planning_BT/bin'
[2.320s] Level 1:colcon.colcon_core.environment:create_environment_scripts_only(nav_planning_BT)
[2.321s] INFO:colcon.colcon_core.shell:Creating package script '/home/laiting/HMR_WS/install/nav_planning_BT/share/nav_planning_BT/package.ps1'
[2.321s] INFO:colcon.colcon_core.shell:Creating package descriptor '/home/laiting/HMR_WS/install/nav_planning_BT/share/nav_planning_BT/package.dsv'
[2.322s] INFO:colcon.colcon_core.shell:Creating package script '/home/laiting/HMR_WS/install/nav_planning_BT/share/nav_planning_BT/package.sh'
[2.322s] INFO:colcon.colcon_core.shell:Creating package script '/home/laiting/HMR_WS/install/nav_planning_BT/share/nav_planning_BT/package.bash'
[2.322s] INFO:colcon.colcon_core.shell:Creating package script '/home/laiting/HMR_WS/install/nav_planning_BT/share/nav_planning_BT/package.zsh'
[2.323s] Level 1:colcon.colcon_core.environment:create_file_with_runtime_dependencies(/home/laiting/HMR_WS/install/nav_planning_BT/share/colcon-core/packages/nav_planning_BT)
[2.324s] Level 1:colcon.colcon_core.environment:checking '/home/laiting/HMR_WS/install/obstacle_finding_test' for CMake module files
[2.324s] DEBUG:colcon.colcon_core.event_handler.log_command:Invoked command in '/home/laiting/HMR_WS/src/obstacle_finding_test' returned '0': PYTHONPATH=/home/laiting/HMR_WS/build/obstacle_finding_test/prefix_override:/usr/lib/python3/dist-packages/colcon_core/task/python/colcon_distutils_commands:/home/laiting/HMR_WS/install/obstacle_finding_test/lib/python3.10/site-packages:${PYTHONPATH} /usr/bin/python3 -W ignore:setup.py install is deprecated -W ignore:easy_install command is deprecated setup.py egg_info --egg-base ../../build/obstacle_finding_test build --build-base /home/laiting/HMR_WS/build/obstacle_finding_test/build install --record /home/laiting/HMR_WS/build/obstacle_finding_test/install.log --single-version-externally-managed install_data
[2.324s] Level 1:colcon.colcon_core.environment:checking '/home/laiting/HMR_WS/install/obstacle_finding_test' for CMake config files
[2.325s] Level 1:colcon.colcon_core.environment:checking '/home/laiting/HMR_WS/install/obstacle_finding_test/lib'
[2.325s] Level 1:colcon.colcon_core.environment:checking '/home/laiting/HMR_WS/install/obstacle_finding_test/bin'
[2.325s] Level 1:colcon.colcon_core.environment:checking '/home/laiting/HMR_WS/install/obstacle_finding_test/lib/pkgconfig/obstacle_finding_test.pc'
[2.325s] Level 1:colcon.colcon_core.environment:checking '/home/laiting/HMR_WS/install/obstacle_finding_test/lib/python3.10/site-packages'
[2.325s] Level 1:colcon.colcon_core.shell:create_environment_hook('obstacle_finding_test', 'pythonpath')
[2.325s] INFO:colcon.colcon_core.shell:Creating environment hook '/home/laiting/HMR_WS/install/obstacle_finding_test/share/obstacle_finding_test/hook/pythonpath.ps1'
[2.326s] INFO:colcon.colcon_core.shell:Creating environment descriptor '/home/laiting/HMR_WS/install/obstacle_finding_test/share/obstacle_finding_test/hook/pythonpath.dsv'
[2.326s] INFO:colcon.colcon_core.shell:Creating environment hook '/home/laiting/HMR_WS/install/obstacle_finding_test/share/obstacle_finding_test/hook/pythonpath.sh'
[2.327s] Level 1:colcon.colcon_core.environment:checking '/home/laiting/HMR_WS/install/obstacle_finding_test/bin'
[2.327s] Level 1:colcon.colcon_core.environment:create_environment_scripts_only(obstacle_finding_test)
[2.327s] INFO:colcon.colcon_core.shell:Creating package script '/home/laiting/HMR_WS/install/obstacle_finding_test/share/obstacle_finding_test/package.ps1'
[2.327s] INFO:colcon.colcon_core.shell:Creating package descriptor '/home/laiting/HMR_WS/install/obstacle_finding_test/share/obstacle_finding_test/package.dsv'
[2.328s] INFO:colcon.colcon_core.shell:Creating package script '/home/laiting/HMR_WS/install/obstacle_finding_test/share/obstacle_finding_test/package.sh'
[2.328s] INFO:colcon.colcon_core.shell:Creating package script '/home/laiting/HMR_WS/install/obstacle_finding_test/share/obstacle_finding_test/package.bash'
[2.328s] INFO:colcon.colcon_core.shell:Creating package script '/home/laiting/HMR_WS/install/obstacle_finding_test/share/obstacle_finding_test/package.zsh'
[2.329s] Level 1:colcon.colcon_core.environment:create_file_with_runtime_dependencies(/home/laiting/HMR_WS/install/obstacle_finding_test/share/colcon-core/packages/obstacle_finding_test)
[2.329s] DEBUG:colcon.colcon_parallel_executor.executor.parallel:closing loop
[2.329s] DEBUG:colcon.colcon_parallel_executor.executor.parallel:loop closed
[2.329s] DEBUG:colcon.colcon_parallel_executor.executor.parallel:run_until_complete finished with '0'
[2.329s] DEBUG:colcon.colcon_core.event_reactor:joining thread
[2.336s] INFO:colcon.colcon_core.plugin_system:Skipping extension 'colcon_notification.desktop_notification.terminal_notifier': Not used on non-Darwin systems
[2.336s] INFO:colcon.colcon_core.plugin_system:Skipping extension 'colcon_notification.desktop_notification.win32': Not used on non-Windows systems
[2.336s] INFO:colcon.colcon_notification.desktop_notification:Sending desktop notification using 'notify2'
[2.348s] DEBUG:colcon.colcon_core.event_reactor:joined thread
[2.348s] INFO:colcon.colcon_core.shell:Creating prefix script '/home/laiting/HMR_WS/install/local_setup.ps1'
[2.350s] INFO:colcon.colcon_core.shell:Creating prefix util module '/home/laiting/HMR_WS/install/_local_setup_util_ps1.py'
[2.353s] INFO:colcon.colcon_core.shell:Creating prefix chain script '/home/laiting/HMR_WS/install/setup.ps1'
[2.355s] INFO:colcon.colcon_core.shell:Creating prefix script '/home/laiting/HMR_WS/install/local_setup.sh'
[2.356s] INFO:colcon.colcon_core.shell:Creating prefix util module '/home/laiting/HMR_WS/install/_local_setup_util_sh.py'
[2.356s] INFO:colcon.colcon_core.shell:Creating prefix chain script '/home/laiting/HMR_WS/install/setup.sh'
[2.358s] INFO:colcon.colcon_core.shell:Creating prefix script '/home/laiting/HMR_WS/install/local_setup.bash'
[2.359s] INFO:colcon.colcon_core.shell:Creating prefix chain script '/home/laiting/HMR_WS/install/setup.bash'
[2.360s] INFO:colcon.colcon_core.shell:Creating prefix script '/home/laiting/HMR_WS/install/local_setup.zsh'
[2.361s] INFO:colcon.colcon_core.shell:Creating prefix chain script '/home/laiting/HMR_WS/install/setup.zsh'
