[0.238s] DEBUG:colcon:Command line arguments: ['/usr/bin/colcon', 'list', '-p', '--base-paths', '/home/laiting/HMR_WS']
[0.239s] DEBUG:colcon:Parsed command line arguments: Namespace(log_base=None, log_level=None, verb_name='list', build_base='build', ignore_user_meta=False, metas=['./colcon.meta'], base_paths=['/home/laiting/HMR_WS'], packages_ignore=None, packages_ignore_regex=None, paths=None, packages_up_to=None, packages_up_to_regex=None, packages_above=None, packages_above_and_dependencies=None, packages_above_depth=None, packages_select_by_dep=None, packages_skip_by_dep=None, packages_skip_up_to=None, packages_select_build_failed=False, packages_skip_build_finished=False, packages_select_test_failures=False, packages_skip_test_passed=False, packages_select=None, packages_skip=None, packages_select_regex=None, packages_skip_regex=None, packages_start=None, packages_end=None, allow_overriding=[], topological_order=False, names_only=False, paths_only=True, topological_graph=False, topological_graph_dot=False, topological_graph_density=False, topological_graph_legend=False, topological_graph_dot_cluster=False, topological_graph_dot_include_skipped=False, verb_parser=<colcon_defaults.argument_parser.defaults.DefaultArgumentsDecorator object at 0x76d30076b7c0>, verb_extension=<colcon_package_information.verb.list.ListVerb object at 0x76d30076a740>, main=<bound method ListVerb.main of <colcon_package_information.verb.list.ListVerb object at 0x76d30076a740>>)
[0.656s] Level 1:colcon.colcon_core.package_discovery:discover_packages(colcon_meta) check parameters
[0.656s] Level 1:colcon.colcon_core.package_discovery:discover_packages(recursive) check parameters
[0.656s] Level 1:colcon.colcon_core.package_discovery:discover_packages(ignore) check parameters
[0.656s] Level 1:colcon.colcon_core.package_discovery:discover_packages(path) check parameters
[0.656s] Level 1:colcon.colcon_core.package_discovery:discover_packages(recursive) discover
[0.657s] INFO:colcon.colcon_core.package_discovery:Crawling recursively for packages in '/home/laiting/HMR_WS'
[0.657s] Level 1:colcon.colcon_core.package_identification:_identify(/home/laiting/HMR_WS) by extensions ['ignore', 'ignore_ament_install']
[0.657s] Level 1:colcon.colcon_core.package_identification:_identify(/home/laiting/HMR_WS) by extension 'ignore'
[0.657s] Level 1:colcon.colcon_core.package_identification:_identify(/home/laiting/HMR_WS) by extension 'ignore_ament_install'
[0.657s] Level 1:colcon.colcon_core.package_identification:_identify(/home/laiting/HMR_WS) by extensions ['colcon_pkg']
[0.657s] Level 1:colcon.colcon_core.package_identification:_identify(/home/laiting/HMR_WS) by extension 'colcon_pkg'
[0.657s] Level 1:colcon.colcon_core.package_identification:_identify(/home/laiting/HMR_WS) by extensions ['colcon_meta']
[0.657s] Level 1:colcon.colcon_core.package_identification:_identify(/home/laiting/HMR_WS) by extension 'colcon_meta'
[0.657s] Level 1:colcon.colcon_core.package_identification:_identify(/home/laiting/HMR_WS) by extensions ['ros']
[0.657s] Level 1:colcon.colcon_core.package_identification:_identify(/home/laiting/HMR_WS) by extension 'ros'
[0.672s] Level 1:colcon.colcon_core.package_identification:_identify(/home/laiting/HMR_WS) by extensions ['cmake', 'python']
[0.672s] Level 1:colcon.colcon_core.package_identification:_identify(/home/laiting/HMR_WS) by extension 'cmake'
[0.672s] Level 1:colcon.colcon_core.package_identification:_identify(/home/laiting/HMR_WS) by extension 'python'
[0.672s] Level 1:colcon.colcon_core.package_identification:_identify(/home/laiting/HMR_WS) by extensions ['python_setup_py']
[0.672s] Level 1:colcon.colcon_core.package_identification:_identify(/home/laiting/HMR_WS) by extension 'python_setup_py'
[0.672s] Level 1:colcon.colcon_core.package_identification:_identify(/home/laiting/HMR_WS/build) by extensions ['ignore', 'ignore_ament_install']
[0.672s] Level 1:colcon.colcon_core.package_identification:_identify(/home/laiting/HMR_WS/build) by extension 'ignore'
[0.672s] Level 1:colcon.colcon_core.package_identification:_identify(/home/laiting/HMR_WS/build) ignored
[0.673s] Level 1:colcon.colcon_core.package_identification:_identify(/home/laiting/HMR_WS/install) by extensions ['ignore', 'ignore_ament_install']
[0.673s] Level 1:colcon.colcon_core.package_identification:_identify(/home/laiting/HMR_WS/install) by extension 'ignore'
[0.673s] Level 1:colcon.colcon_core.package_identification:_identify(/home/laiting/HMR_WS/install) ignored
[0.673s] Level 1:colcon.colcon_core.package_identification:_identify(/home/laiting/HMR_WS/log) by extensions ['ignore', 'ignore_ament_install']
[0.673s] Level 1:colcon.colcon_core.package_identification:_identify(/home/laiting/HMR_WS/log) by extension 'ignore'
[0.673s] Level 1:colcon.colcon_core.package_identification:_identify(/home/laiting/HMR_WS/log) ignored
[0.673s] Level 1:colcon.colcon_core.package_identification:_identify(/home/laiting/HMR_WS/src) by extensions ['ignore', 'ignore_ament_install']
[0.673s] Level 1:colcon.colcon_core.package_identification:_identify(/home/laiting/HMR_WS/src) by extension 'ignore'
[0.673s] Level 1:colcon.colcon_core.package_identification:_identify(/home/laiting/HMR_WS/src) by extension 'ignore_ament_install'
[0.673s] Level 1:colcon.colcon_core.package_identification:_identify(/home/laiting/HMR_WS/src) by extensions ['colcon_pkg']
[0.674s] Level 1:colcon.colcon_core.package_identification:_identify(/home/laiting/HMR_WS/src) by extension 'colcon_pkg'
[0.674s] Level 1:colcon.colcon_core.package_identification:_identify(/home/laiting/HMR_WS/src) by extensions ['colcon_meta']
[0.674s] Level 1:colcon.colcon_core.package_identification:_identify(/home/laiting/HMR_WS/src) by extension 'colcon_meta'
[0.674s] Level 1:colcon.colcon_core.package_identification:_identify(/home/laiting/HMR_WS/src) by extensions ['ros']
[0.674s] Level 1:colcon.colcon_core.package_identification:_identify(/home/laiting/HMR_WS/src) by extension 'ros'
[0.674s] Level 1:colcon.colcon_core.package_identification:_identify(/home/laiting/HMR_WS/src) by extensions ['cmake', 'python']
[0.674s] Level 1:colcon.colcon_core.package_identification:_identify(/home/laiting/HMR_WS/src) by extension 'cmake'
[0.674s] Level 1:colcon.colcon_core.package_identification:_identify(/home/laiting/HMR_WS/src) by extension 'python'
[0.674s] Level 1:colcon.colcon_core.package_identification:_identify(/home/laiting/HMR_WS/src) by extensions ['python_setup_py']
[0.674s] Level 1:colcon.colcon_core.package_identification:_identify(/home/laiting/HMR_WS/src) by extension 'python_setup_py'
[0.674s] Level 1:colcon.colcon_core.package_identification:_identify(/home/laiting/HMR_WS/src/nav_planning_BT) by extensions ['ignore', 'ignore_ament_install']
[0.674s] Level 1:colcon.colcon_core.package_identification:_identify(/home/laiting/HMR_WS/src/nav_planning_BT) by extension 'ignore'
[0.674s] Level 1:colcon.colcon_core.package_identification:_identify(/home/laiting/HMR_WS/src/nav_planning_BT) by extension 'ignore_ament_install'
[0.674s] Level 1:colcon.colcon_core.package_identification:_identify(/home/laiting/HMR_WS/src/nav_planning_BT) by extensions ['colcon_pkg']
[0.674s] Level 1:colcon.colcon_core.package_identification:_identify(/home/laiting/HMR_WS/src/nav_planning_BT) by extension 'colcon_pkg'
[0.674s] Level 1:colcon.colcon_core.package_identification:_identify(/home/laiting/HMR_WS/src/nav_planning_BT) by extensions ['colcon_meta']
[0.675s] Level 1:colcon.colcon_core.package_identification:_identify(/home/laiting/HMR_WS/src/nav_planning_BT) by extension 'colcon_meta'
[0.675s] Level 1:colcon.colcon_core.package_identification:_identify(/home/laiting/HMR_WS/src/nav_planning_BT) by extensions ['ros']
[0.675s] Level 1:colcon.colcon_core.package_identification:_identify(/home/laiting/HMR_WS/src/nav_planning_BT) by extension 'ros'
[0.678s] DEBUG:colcon.colcon_core.package_identification:Package '/home/laiting/HMR_WS/src/nav_planning_BT' with type 'ros.ament_python' and name 'nav_planning_BT'
[0.679s] Level 1:colcon.colcon_core.package_discovery:discover_packages(recursive) using defaults
