[0.155s] DEBUG:colcon:Command line arguments: ['/usr/bin/colcon', 'build']
[0.155s] DEBUG:colcon:Parsed command line arguments: Namespace(log_base=None, log_level=None, verb_name='build', build_base='build', install_base='install', merge_install=False, symlink_install=False, test_result_base=None, continue_on_error=False, executor='parallel', parallel_workers=12, event_handlers=None, ignore_user_meta=False, metas=['./colcon.meta'], base_paths=['.'], packages_ignore=None, packages_ignore_regex=None, paths=None, packages_up_to=None, packages_up_to_regex=None, packages_above=None, packages_above_and_dependencies=None, packages_above_depth=None, packages_select_by_dep=None, packages_skip_by_dep=None, packages_skip_up_to=None, packages_select_build_failed=False, packages_skip_build_finished=False, packages_select_test_failures=False, packages_skip_test_passed=False, packages_select=None, packages_skip=None, packages_select_regex=None, packages_skip_regex=None, packages_start=None, packages_end=None, allow_overriding=[], cmake_args=None, cmake_target=None, cmake_target_skip_unavailable=False, cmake_clean_cache=False, cmake_clean_first=False, cmake_force_configure=False, ament_cmake_args=None, catkin_cmake_args=None, catkin_skip_building_tests=False, verb_parser=<colcon_defaults.argument_parser.defaults.DefaultArgumentsDecorator object at 0x79edc636de40>, verb_extension=<colcon_core.verb.build.BuildVerb object at 0x79edc636d4b0>, main=<bound method BuildVerb.main of <colcon_core.verb.build.BuildVerb object at 0x79edc636d4b0>>)
[0.454s] Level 1:colcon.colcon_core.package_discovery:discover_packages(colcon_meta) check parameters
[0.454s] Level 1:colcon.colcon_core.package_discovery:discover_packages(recursive) check parameters
[0.454s] Level 1:colcon.colcon_core.package_discovery:discover_packages(ignore) check parameters
[0.454s] Level 1:colcon.colcon_core.package_discovery:discover_packages(path) check parameters
[0.454s] Level 1:colcon.colcon_core.package_discovery:discover_packages(colcon_meta) discover
[0.454s] Level 1:colcon.colcon_core.package_discovery:discover_packages(recursive) discover
[0.454s] INFO:colcon.colcon_core.package_discovery:Crawling recursively for packages in '/home/laiting/HMR_WS'
[0.454s] Level 1:colcon.colcon_core.package_identification:_identify(.) by extensions ['ignore', 'ignore_ament_install']
[0.454s] Level 1:colcon.colcon_core.package_identification:_identify(.) by extension 'ignore'
[0.455s] Level 1:colcon.colcon_core.package_identification:_identify(.) by extension 'ignore_ament_install'
[0.455s] Level 1:colcon.colcon_core.package_identification:_identify(.) by extensions ['colcon_pkg']
[0.455s] Level 1:colcon.colcon_core.package_identification:_identify(.) by extension 'colcon_pkg'
[0.455s] Level 1:colcon.colcon_core.package_identification:_identify(.) by extensions ['colcon_meta']
[0.455s] Level 1:colcon.colcon_core.package_identification:_identify(.) by extension 'colcon_meta'
[0.455s] Level 1:colcon.colcon_core.package_identification:_identify(.) by extensions ['ros']
[0.455s] Level 1:colcon.colcon_core.package_identification:_identify(.) by extension 'ros'
[0.485s] Level 1:colcon.colcon_core.package_identification:_identify(.) by extensions ['cmake', 'python']
[0.486s] Level 1:colcon.colcon_core.package_identification:_identify(.) by extension 'cmake'
[0.486s] Level 1:colcon.colcon_core.package_identification:_identify(.) by extension 'python'
[0.486s] Level 1:colcon.colcon_core.package_identification:_identify(.) by extensions ['python_setup_py']
[0.486s] Level 1:colcon.colcon_core.package_identification:_identify(.) by extension 'python_setup_py'
[0.486s] Level 1:colcon.colcon_core.package_identification:_identify(build) by extensions ['ignore', 'ignore_ament_install']
[0.486s] Level 1:colcon.colcon_core.package_identification:_identify(build) by extension 'ignore'
[0.486s] Level 1:colcon.colcon_core.package_identification:_identify(build) ignored
[0.486s] Level 1:colcon.colcon_core.package_identification:_identify(install) by extensions ['ignore', 'ignore_ament_install']
[0.486s] Level 1:colcon.colcon_core.package_identification:_identify(install) by extension 'ignore'
[0.486s] Level 1:colcon.colcon_core.package_identification:_identify(install) ignored
[0.486s] Level 1:colcon.colcon_core.package_identification:_identify(log) by extensions ['ignore', 'ignore_ament_install']
[0.486s] Level 1:colcon.colcon_core.package_identification:_identify(log) by extension 'ignore'
[0.486s] Level 1:colcon.colcon_core.package_identification:_identify(log) ignored
[0.487s] Level 1:colcon.colcon_core.package_identification:_identify(src) by extensions ['ignore', 'ignore_ament_install']
[0.487s] Level 1:colcon.colcon_core.package_identification:_identify(src) by extension 'ignore'
[0.487s] Level 1:colcon.colcon_core.package_identification:_identify(src) by extension 'ignore_ament_install'
[0.487s] Level 1:colcon.colcon_core.package_identification:_identify(src) by extensions ['colcon_pkg']
[0.487s] Level 1:colcon.colcon_core.package_identification:_identify(src) by extension 'colcon_pkg'
[0.487s] Level 1:colcon.colcon_core.package_identification:_identify(src) by extensions ['colcon_meta']
[0.487s] Level 1:colcon.colcon_core.package_identification:_identify(src) by extension 'colcon_meta'
[0.487s] Level 1:colcon.colcon_core.package_identification:_identify(src) by extensions ['ros']
[0.487s] Level 1:colcon.colcon_core.package_identification:_identify(src) by extension 'ros'
[0.487s] Level 1:colcon.colcon_core.package_identification:_identify(src) by extensions ['cmake', 'python']
[0.487s] Level 1:colcon.colcon_core.package_identification:_identify(src) by extension 'cmake'
[0.487s] Level 1:colcon.colcon_core.package_identification:_identify(src) by extension 'python'
[0.487s] Level 1:colcon.colcon_core.package_identification:_identify(src) by extensions ['python_setup_py']
[0.487s] Level 1:colcon.colcon_core.package_identification:_identify(src) by extension 'python_setup_py'
[0.487s] Level 1:colcon.colcon_core.package_identification:_identify(src/lidar_realsense_combination) by extensions ['ignore', 'ignore_ament_install']
[0.488s] Level 1:colcon.colcon_core.package_identification:_identify(src/lidar_realsense_combination) by extension 'ignore'
[0.488s] Level 1:colcon.colcon_core.package_identification:_identify(src/lidar_realsense_combination) by extension 'ignore_ament_install'
[0.488s] Level 1:colcon.colcon_core.package_identification:_identify(src/lidar_realsense_combination) by extensions ['colcon_pkg']
[0.488s] Level 1:colcon.colcon_core.package_identification:_identify(src/lidar_realsense_combination) by extension 'colcon_pkg'
[0.488s] Level 1:colcon.colcon_core.package_identification:_identify(src/lidar_realsense_combination) by extensions ['colcon_meta']
[0.488s] Level 1:colcon.colcon_core.package_identification:_identify(src/lidar_realsense_combination) by extension 'colcon_meta'
[0.488s] Level 1:colcon.colcon_core.package_identification:_identify(src/lidar_realsense_combination) by extensions ['ros']
[0.488s] Level 1:colcon.colcon_core.package_identification:_identify(src/lidar_realsense_combination) by extension 'ros'
[0.491s] DEBUG:colcon.colcon_core.package_identification:Package 'src/lidar_realsense_combination' with type 'ros.ament_python' and name 'lidar_realsense_combination'
[0.491s] Level 1:colcon.colcon_core.package_identification:_identify(src/nav_planning_BT) by extensions ['ignore', 'ignore_ament_install']
[0.491s] Level 1:colcon.colcon_core.package_identification:_identify(src/nav_planning_BT) by extension 'ignore'
[0.491s] Level 1:colcon.colcon_core.package_identification:_identify(src/nav_planning_BT) by extension 'ignore_ament_install'
[0.491s] Level 1:colcon.colcon_core.package_identification:_identify(src/nav_planning_BT) by extensions ['colcon_pkg']
[0.491s] Level 1:colcon.colcon_core.package_identification:_identify(src/nav_planning_BT) by extension 'colcon_pkg'
[0.491s] Level 1:colcon.colcon_core.package_identification:_identify(src/nav_planning_BT) by extensions ['colcon_meta']
[0.491s] Level 1:colcon.colcon_core.package_identification:_identify(src/nav_planning_BT) by extension 'colcon_meta'
[0.491s] Level 1:colcon.colcon_core.package_identification:_identify(src/nav_planning_BT) by extensions ['ros']
[0.492s] Level 1:colcon.colcon_core.package_identification:_identify(src/nav_planning_BT) by extension 'ros'
[0.492s] DEBUG:colcon.colcon_core.package_identification:Package 'src/nav_planning_BT' with type 'ros.ament_python' and name 'nav_planning_BT'
[0.492s] Level 1:colcon.colcon_core.package_identification:_identify(src/rs_bringup) by extensions ['ignore', 'ignore_ament_install']
[0.492s] Level 1:colcon.colcon_core.package_identification:_identify(src/rs_bringup) by extension 'ignore'
[0.493s] Level 1:colcon.colcon_core.package_identification:_identify(src/rs_bringup) by extension 'ignore_ament_install'
[0.493s] Level 1:colcon.colcon_core.package_identification:_identify(src/rs_bringup) by extensions ['colcon_pkg']
[0.493s] Level 1:colcon.colcon_core.package_identification:_identify(src/rs_bringup) by extension 'colcon_pkg'
[0.493s] Level 1:colcon.colcon_core.package_identification:_identify(src/rs_bringup) by extensions ['colcon_meta']
[0.493s] Level 1:colcon.colcon_core.package_identification:_identify(src/rs_bringup) by extension 'colcon_meta'
[0.493s] Level 1:colcon.colcon_core.package_identification:_identify(src/rs_bringup) by extensions ['ros']
[0.493s] Level 1:colcon.colcon_core.package_identification:_identify(src/rs_bringup) by extension 'ros'
[0.494s] DEBUG:colcon.colcon_core.package_identification:Package 'src/rs_bringup' with type 'ros.ament_cmake' and name 'rs_bringup'
[0.494s] Level 1:colcon.colcon_core.package_discovery:discover_packages(recursive) using defaults
[0.494s] Level 1:colcon.colcon_core.package_discovery:discover_packages(ignore) discover
[0.494s] Level 1:colcon.colcon_core.package_discovery:discover_packages(ignore) using defaults
[0.494s] Level 1:colcon.colcon_core.package_discovery:discover_packages(path) discover
[0.494s] Level 1:colcon.colcon_core.package_discovery:discover_packages(path) using defaults
[0.529s] Level 1:colcon.colcon_core.package_discovery:discover_packages(prefix_path) check parameters
[0.530s] Level 1:colcon.colcon_core.package_discovery:discover_packages(prefix_path) discover
[0.533s] DEBUG:colcon.colcon_installed_package_information.package_discovery:Found 15 installed packages in /home/laiting/turtlebot3_ws/install
[0.534s] DEBUG:colcon.colcon_installed_package_information.package_discovery:Found 1 installed packages in /home/laiting/ros2_ws_test/install
[0.535s] DEBUG:colcon.colcon_installed_package_information.package_discovery:Found 383 installed packages in /opt/ros/humble
[0.539s] Level 1:colcon.colcon_core.package_discovery:discover_packages(prefix_path) using defaults
[0.606s] Level 5:colcon.colcon_core.verb:set package 'lidar_realsense_combination' build argument 'cmake_args' from command line to 'None'
[0.606s] Level 5:colcon.colcon_core.verb:set package 'lidar_realsense_combination' build argument 'cmake_target' from command line to 'None'
[0.606s] Level 5:colcon.colcon_core.verb:set package 'lidar_realsense_combination' build argument 'cmake_target_skip_unavailable' from command line to 'False'
[0.606s] Level 5:colcon.colcon_core.verb:set package 'lidar_realsense_combination' build argument 'cmake_clean_cache' from command line to 'False'
[0.606s] Level 5:colcon.colcon_core.verb:set package 'lidar_realsense_combination' build argument 'cmake_clean_first' from command line to 'False'
[0.606s] Level 5:colcon.colcon_core.verb:set package 'lidar_realsense_combination' build argument 'cmake_force_configure' from command line to 'False'
[0.607s] Level 5:colcon.colcon_core.verb:set package 'lidar_realsense_combination' build argument 'ament_cmake_args' from command line to 'None'
[0.607s] Level 5:colcon.colcon_core.verb:set package 'lidar_realsense_combination' build argument 'catkin_cmake_args' from command line to 'None'
[0.607s] Level 5:colcon.colcon_core.verb:set package 'lidar_realsense_combination' build argument 'catkin_skip_building_tests' from command line to 'False'
[0.607s] DEBUG:colcon.colcon_core.verb:Building package 'lidar_realsense_combination' with the following arguments: {'ament_cmake_args': None, 'build_base': '/home/laiting/HMR_WS/build/lidar_realsense_combination', 'catkin_cmake_args': None, 'catkin_skip_building_tests': False, 'cmake_args': None, 'cmake_clean_cache': False, 'cmake_clean_first': False, 'cmake_force_configure': False, 'cmake_target': None, 'cmake_target_skip_unavailable': False, 'install_base': '/home/laiting/HMR_WS/install/lidar_realsense_combination', 'merge_install': False, 'path': '/home/laiting/HMR_WS/src/lidar_realsense_combination', 'symlink_install': False, 'test_result_base': None}
[0.608s] Level 5:colcon.colcon_core.verb:set package 'nav_planning_BT' build argument 'cmake_args' from command line to 'None'
[0.608s] Level 5:colcon.colcon_core.verb:set package 'nav_planning_BT' build argument 'cmake_target' from command line to 'None'
[0.608s] Level 5:colcon.colcon_core.verb:set package 'nav_planning_BT' build argument 'cmake_target_skip_unavailable' from command line to 'False'
[0.608s] Level 5:colcon.colcon_core.verb:set package 'nav_planning_BT' build argument 'cmake_clean_cache' from command line to 'False'
[0.608s] Level 5:colcon.colcon_core.verb:set package 'nav_planning_BT' build argument 'cmake_clean_first' from command line to 'False'
[0.608s] Level 5:colcon.colcon_core.verb:set package 'nav_planning_BT' build argument 'cmake_force_configure' from command line to 'False'
[0.608s] Level 5:colcon.colcon_core.verb:set package 'nav_planning_BT' build argument 'ament_cmake_args' from command line to 'None'
[0.608s] Level 5:colcon.colcon_core.verb:set package 'nav_planning_BT' build argument 'catkin_cmake_args' from command line to 'None'
[0.608s] Level 5:colcon.colcon_core.verb:set package 'nav_planning_BT' build argument 'catkin_skip_building_tests' from command line to 'False'
[0.608s] DEBUG:colcon.colcon_core.verb:Building package 'nav_planning_BT' with the following arguments: {'ament_cmake_args': None, 'build_base': '/home/laiting/HMR_WS/build/nav_planning_BT', 'catkin_cmake_args': None, 'catkin_skip_building_tests': False, 'cmake_args': None, 'cmake_clean_cache': False, 'cmake_clean_first': False, 'cmake_force_configure': False, 'cmake_target': None, 'cmake_target_skip_unavailable': False, 'install_base': '/home/laiting/HMR_WS/install/nav_planning_BT', 'merge_install': False, 'path': '/home/laiting/HMR_WS/src/nav_planning_BT', 'symlink_install': False, 'test_result_base': None}
[0.610s] Level 5:colcon.colcon_core.verb:set package 'rs_bringup' build argument 'cmake_args' from command line to 'None'
[0.610s] Level 5:colcon.colcon_core.verb:set package 'rs_bringup' build argument 'cmake_target' from command line to 'None'
[0.610s] Level 5:colcon.colcon_core.verb:set package 'rs_bringup' build argument 'cmake_target_skip_unavailable' from command line to 'False'
[0.610s] Level 5:colcon.colcon_core.verb:set package 'rs_bringup' build argument 'cmake_clean_cache' from command line to 'False'
[0.610s] Level 5:colcon.colcon_core.verb:set package 'rs_bringup' build argument 'cmake_clean_first' from command line to 'False'
[0.610s] Level 5:colcon.colcon_core.verb:set package 'rs_bringup' build argument 'cmake_force_configure' from command line to 'False'
[0.610s] Level 5:colcon.colcon_core.verb:set package 'rs_bringup' build argument 'ament_cmake_args' from command line to 'None'
[0.611s] Level 5:colcon.colcon_core.verb:set package 'rs_bringup' build argument 'catkin_cmake_args' from command line to 'None'
[0.611s] Level 5:colcon.colcon_core.verb:set package 'rs_bringup' build argument 'catkin_skip_building_tests' from command line to 'False'
[0.611s] DEBUG:colcon.colcon_core.verb:Building package 'rs_bringup' with the following arguments: {'ament_cmake_args': None, 'build_base': '/home/laiting/HMR_WS/build/rs_bringup', 'catkin_cmake_args': None, 'catkin_skip_building_tests': False, 'cmake_args': None, 'cmake_clean_cache': False, 'cmake_clean_first': False, 'cmake_force_configure': False, 'cmake_target': None, 'cmake_target_skip_unavailable': False, 'install_base': '/home/laiting/HMR_WS/install/rs_bringup', 'merge_install': False, 'path': '/home/laiting/HMR_WS/src/rs_bringup', 'symlink_install': False, 'test_result_base': None}
[0.611s] INFO:colcon.colcon_core.executor:Executing jobs using 'parallel' executor
[0.612s] DEBUG:colcon.colcon_parallel_executor.executor.parallel:run_until_complete
[0.612s] INFO:colcon.colcon_ros.task.ament_python.build:Building ROS package in '/home/laiting/HMR_WS/src/lidar_realsense_combination' with build type 'ament_python'
[0.612s] Level 1:colcon.colcon_core.shell:create_environment_hook('lidar_realsense_combination', 'ament_prefix_path')
[0.615s] INFO:colcon.colcon_core.plugin_system:Skipping extension 'colcon_core.shell.bat': Not used on non-Windows systems
[0.615s] INFO:colcon.colcon_core.shell:Creating environment hook '/home/laiting/HMR_WS/install/lidar_realsense_combination/share/lidar_realsense_combination/hook/ament_prefix_path.ps1'
[0.616s] INFO:colcon.colcon_core.shell:Creating environment descriptor '/home/laiting/HMR_WS/install/lidar_realsense_combination/share/lidar_realsense_combination/hook/ament_prefix_path.dsv'
[0.617s] INFO:colcon.colcon_core.shell:Creating environment hook '/home/laiting/HMR_WS/install/lidar_realsense_combination/share/lidar_realsense_combination/hook/ament_prefix_path.sh'
[0.618s] INFO:colcon.colcon_core.shell:Skip shell extension 'powershell' for command environment: Not usable outside of PowerShell
[0.618s] DEBUG:colcon.colcon_core.shell:Skip shell extension 'dsv' for command environment
[0.627s] INFO:colcon.colcon_ros.task.ament_python.build:Building ROS package in '/home/laiting/HMR_WS/src/nav_planning_BT' with build type 'ament_python'
[0.627s] Level 1:colcon.colcon_core.shell:create_environment_hook('nav_planning_BT', 'ament_prefix_path')
[0.627s] INFO:colcon.colcon_core.shell:Creating environment hook '/home/laiting/HMR_WS/install/nav_planning_BT/share/nav_planning_BT/hook/ament_prefix_path.ps1'
[0.628s] INFO:colcon.colcon_core.shell:Creating environment descriptor '/home/laiting/HMR_WS/install/nav_planning_BT/share/nav_planning_BT/hook/ament_prefix_path.dsv'
[0.628s] INFO:colcon.colcon_core.shell:Creating environment hook '/home/laiting/HMR_WS/install/nav_planning_BT/share/nav_planning_BT/hook/ament_prefix_path.sh'
[0.629s] INFO:colcon.colcon_core.shell:Skip shell extension 'powershell' for command environment: Not usable outside of PowerShell
[0.629s] DEBUG:colcon.colcon_core.shell:Skip shell extension 'dsv' for command environment
[0.633s] INFO:colcon.colcon_ros.task.ament_cmake.build:Building ROS package in '/home/laiting/HMR_WS/src/rs_bringup' with build type 'ament_cmake'
[0.633s] INFO:colcon.colcon_cmake.task.cmake.build:Building CMake package in '/home/laiting/HMR_WS/src/rs_bringup'
[0.633s] INFO:colcon.colcon_core.shell:Skip shell extension 'powershell' for command environment: Not usable outside of PowerShell
[0.633s] DEBUG:colcon.colcon_core.shell:Skip shell extension 'dsv' for command environment
[1.080s] INFO:colcon.colcon_core.task.python.build:Building Python package in '/home/laiting/HMR_WS/src/lidar_realsense_combination'
[1.081s] INFO:colcon.colcon_core.shell:Skip shell extension 'powershell' for command environment: Not usable outside of PowerShell
[1.081s] DEBUG:colcon.colcon_core.shell:Skip shell extension 'dsv' for command environment
[1.511s] INFO:colcon.colcon_core.task.python.build:Building Python package in '/home/laiting/HMR_WS/src/nav_planning_BT'
[1.511s] INFO:colcon.colcon_core.shell:Skip shell extension 'powershell' for command environment: Not usable outside of PowerShell
[1.511s] DEBUG:colcon.colcon_core.shell:Skip shell extension 'dsv' for command environment
[1.521s] DEBUG:colcon.colcon_core.event_handler.log_command:Invoking command in '/home/laiting/HMR_WS/build/rs_bringup': CMAKE_PREFIX_PATH=${CMAKE_PREFIX_PATH}:/home/laiting/turtlebot3_ws/install/turtlebot3_teleop:/home/laiting/turtlebot3_ws/install/turtlebot3_example:/home/laiting/ros2_ws_test/install/my_robot_controller:/opt/ros/humble /usr/bin/cmake --build /home/laiting/HMR_WS/build/rs_bringup -- -j12 -l12
[1.603s] DEBUG:colcon.colcon_core.event_handler.log_command:Invoked command in '/home/laiting/HMR_WS/build/rs_bringup' returned '0': CMAKE_PREFIX_PATH=${CMAKE_PREFIX_PATH}:/home/laiting/turtlebot3_ws/install/turtlebot3_teleop:/home/laiting/turtlebot3_ws/install/turtlebot3_example:/home/laiting/ros2_ws_test/install/my_robot_controller:/opt/ros/humble /usr/bin/cmake --build /home/laiting/HMR_WS/build/rs_bringup -- -j12 -l12
[1.620s] DEBUG:colcon.colcon_core.event_handler.log_command:Invoking command in '/home/laiting/HMR_WS/build/rs_bringup': CMAKE_PREFIX_PATH=${CMAKE_PREFIX_PATH}:/home/laiting/turtlebot3_ws/install/turtlebot3_teleop:/home/laiting/turtlebot3_ws/install/turtlebot3_example:/home/laiting/ros2_ws_test/install/my_robot_controller:/opt/ros/humble /usr/bin/cmake --install /home/laiting/HMR_WS/build/rs_bringup
[1.636s] Level 1:colcon.colcon_core.environment:create_environment_scripts_only(rs_bringup)
[1.637s] DEBUG:colcon.colcon_core.event_handler.log_command:Invoked command in '/home/laiting/HMR_WS/build/rs_bringup' returned '0': CMAKE_PREFIX_PATH=${CMAKE_PREFIX_PATH}:/home/laiting/turtlebot3_ws/install/turtlebot3_teleop:/home/laiting/turtlebot3_ws/install/turtlebot3_example:/home/laiting/ros2_ws_test/install/my_robot_controller:/opt/ros/humble /usr/bin/cmake --install /home/laiting/HMR_WS/build/rs_bringup
[1.641s] Level 1:colcon.colcon_core.environment:checking '/home/laiting/HMR_WS/install/rs_bringup' for CMake module files
[1.642s] Level 1:colcon.colcon_core.environment:checking '/home/laiting/HMR_WS/install/rs_bringup' for CMake config files
[1.642s] Level 1:colcon.colcon_core.shell:create_environment_hook('rs_bringup', 'cmake_prefix_path')
[1.642s] INFO:colcon.colcon_core.shell:Creating environment hook '/home/laiting/HMR_WS/install/rs_bringup/share/rs_bringup/hook/cmake_prefix_path.ps1'
[1.643s] INFO:colcon.colcon_core.shell:Creating environment descriptor '/home/laiting/HMR_WS/install/rs_bringup/share/rs_bringup/hook/cmake_prefix_path.dsv'
[1.643s] INFO:colcon.colcon_core.shell:Creating environment hook '/home/laiting/HMR_WS/install/rs_bringup/share/rs_bringup/hook/cmake_prefix_path.sh'
[1.644s] Level 1:colcon.colcon_core.environment:checking '/home/laiting/HMR_WS/install/rs_bringup/bin'
[1.644s] Level 1:colcon.colcon_core.environment:checking '/home/laiting/HMR_WS/install/rs_bringup/lib/pkgconfig/rs_bringup.pc'
[1.645s] Level 1:colcon.colcon_core.environment:checking '/home/laiting/HMR_WS/install/rs_bringup/lib/python3.10/site-packages'
[1.645s] Level 1:colcon.colcon_core.environment:checking '/home/laiting/HMR_WS/install/rs_bringup/bin'
[1.645s] INFO:colcon.colcon_core.shell:Creating package script '/home/laiting/HMR_WS/install/rs_bringup/share/rs_bringup/package.ps1'
[1.647s] INFO:colcon.colcon_core.shell:Creating package descriptor '/home/laiting/HMR_WS/install/rs_bringup/share/rs_bringup/package.dsv'
[1.650s] INFO:colcon.colcon_core.shell:Creating package script '/home/laiting/HMR_WS/install/rs_bringup/share/rs_bringup/package.sh'
[1.651s] INFO:colcon.colcon_core.shell:Creating package script '/home/laiting/HMR_WS/install/rs_bringup/share/rs_bringup/package.bash'
[1.652s] INFO:colcon.colcon_core.shell:Creating package script '/home/laiting/HMR_WS/install/rs_bringup/share/rs_bringup/package.zsh'
[1.653s] Level 1:colcon.colcon_core.environment:create_file_with_runtime_dependencies(/home/laiting/HMR_WS/install/rs_bringup/share/colcon-core/packages/rs_bringup)
[1.654s] Level 1:colcon.colcon_core.environment:create_environment_scripts_only(rs_bringup)
[1.655s] Level 1:colcon.colcon_core.environment:checking '/home/laiting/HMR_WS/install/rs_bringup' for CMake module files
[1.655s] Level 1:colcon.colcon_core.environment:checking '/home/laiting/HMR_WS/install/rs_bringup' for CMake config files
[1.655s] Level 1:colcon.colcon_core.shell:create_environment_hook('rs_bringup', 'cmake_prefix_path')
[1.656s] INFO:colcon.colcon_core.shell:Creating environment hook '/home/laiting/HMR_WS/install/rs_bringup/share/rs_bringup/hook/cmake_prefix_path.ps1'
[1.656s] INFO:colcon.colcon_core.shell:Creating environment descriptor '/home/laiting/HMR_WS/install/rs_bringup/share/rs_bringup/hook/cmake_prefix_path.dsv'
[1.657s] INFO:colcon.colcon_core.shell:Creating environment hook '/home/laiting/HMR_WS/install/rs_bringup/share/rs_bringup/hook/cmake_prefix_path.sh'
[1.657s] Level 1:colcon.colcon_core.environment:checking '/home/laiting/HMR_WS/install/rs_bringup/bin'
[1.658s] Level 1:colcon.colcon_core.environment:checking '/home/laiting/HMR_WS/install/rs_bringup/lib/pkgconfig/rs_bringup.pc'
[1.658s] Level 1:colcon.colcon_core.environment:checking '/home/laiting/HMR_WS/install/rs_bringup/lib/python3.10/site-packages'
[1.658s] Level 1:colcon.colcon_core.environment:checking '/home/laiting/HMR_WS/install/rs_bringup/bin'
[1.659s] INFO:colcon.colcon_core.shell:Creating package script '/home/laiting/HMR_WS/install/rs_bringup/share/rs_bringup/package.ps1'
[1.661s] INFO:colcon.colcon_core.shell:Creating package descriptor '/home/laiting/HMR_WS/install/rs_bringup/share/rs_bringup/package.dsv'
[1.661s] INFO:colcon.colcon_core.shell:Creating package script '/home/laiting/HMR_WS/install/rs_bringup/share/rs_bringup/package.sh'
[1.663s] INFO:colcon.colcon_core.shell:Creating package script '/home/laiting/HMR_WS/install/rs_bringup/share/rs_bringup/package.bash'
[1.664s] INFO:colcon.colcon_core.shell:Creating package script '/home/laiting/HMR_WS/install/rs_bringup/share/rs_bringup/package.zsh'
[1.665s] Level 1:colcon.colcon_core.environment:create_file_with_runtime_dependencies(/home/laiting/HMR_WS/install/rs_bringup/share/colcon-core/packages/rs_bringup)
[2.197s] DEBUG:colcon.colcon_core.event_handler.log_command:Invoking command in '/home/laiting/HMR_WS/src/nav_planning_BT': PYTHONPATH=/home/laiting/HMR_WS/build/nav_planning_BT/prefix_override:/usr/lib/python3/dist-packages/colcon_core/task/python/colcon_distutils_commands:/home/laiting/HMR_WS/install/nav_planning_BT/lib/python3.10/site-packages:${PYTHONPATH} /usr/bin/python3 -W ignore:setup.py install is deprecated -W ignore:easy_install command is deprecated setup.py egg_info --egg-base ../../build/nav_planning_BT build --build-base /home/laiting/HMR_WS/build/nav_planning_BT/build install --record /home/laiting/HMR_WS/build/nav_planning_BT/install.log --single-version-externally-managed install_data
[2.198s] DEBUG:colcon.colcon_core.event_handler.log_command:Invoking command in '/home/laiting/HMR_WS/src/lidar_realsense_combination': PYTHONPATH=/home/laiting/HMR_WS/build/lidar_realsense_combination/prefix_override:/usr/lib/python3/dist-packages/colcon_core/task/python/colcon_distutils_commands:/home/laiting/HMR_WS/install/lidar_realsense_combination/lib/python3.10/site-packages:${PYTHONPATH} /usr/bin/python3 -W ignore:setup.py install is deprecated -W ignore:easy_install command is deprecated setup.py egg_info --egg-base ../../build/lidar_realsense_combination build --build-base /home/laiting/HMR_WS/build/lidar_realsense_combination/build install --record /home/laiting/HMR_WS/build/lidar_realsense_combination/install.log --single-version-externally-managed install_data
[2.698s] Level 1:colcon.colcon_core.environment:checking '/home/laiting/HMR_WS/install/lidar_realsense_combination' for CMake module files
[2.699s] DEBUG:colcon.colcon_core.event_handler.log_command:Invoked command in '/home/laiting/HMR_WS/src/lidar_realsense_combination' returned '0': PYTHONPATH=/home/laiting/HMR_WS/build/lidar_realsense_combination/prefix_override:/usr/lib/python3/dist-packages/colcon_core/task/python/colcon_distutils_commands:/home/laiting/HMR_WS/install/lidar_realsense_combination/lib/python3.10/site-packages:${PYTHONPATH} /usr/bin/python3 -W ignore:setup.py install is deprecated -W ignore:easy_install command is deprecated setup.py egg_info --egg-base ../../build/lidar_realsense_combination build --build-base /home/laiting/HMR_WS/build/lidar_realsense_combination/build install --record /home/laiting/HMR_WS/build/lidar_realsense_combination/install.log --single-version-externally-managed install_data
[2.699s] Level 1:colcon.colcon_core.environment:checking '/home/laiting/HMR_WS/install/lidar_realsense_combination' for CMake config files
[2.700s] Level 1:colcon.colcon_core.environment:checking '/home/laiting/HMR_WS/install/lidar_realsense_combination/lib'
[2.700s] Level 1:colcon.colcon_core.environment:checking '/home/laiting/HMR_WS/install/lidar_realsense_combination/bin'
[2.700s] Level 1:colcon.colcon_core.environment:checking '/home/laiting/HMR_WS/install/lidar_realsense_combination/lib/pkgconfig/lidar_realsense_combination.pc'
[2.700s] Level 1:colcon.colcon_core.environment:checking '/home/laiting/HMR_WS/install/lidar_realsense_combination/lib/python3.10/site-packages'
[2.700s] Level 1:colcon.colcon_core.shell:create_environment_hook('lidar_realsense_combination', 'pythonpath')
[2.701s] INFO:colcon.colcon_core.shell:Creating environment hook '/home/laiting/HMR_WS/install/lidar_realsense_combination/share/lidar_realsense_combination/hook/pythonpath.ps1'
[2.701s] INFO:colcon.colcon_core.shell:Creating environment descriptor '/home/laiting/HMR_WS/install/lidar_realsense_combination/share/lidar_realsense_combination/hook/pythonpath.dsv'
[2.702s] INFO:colcon.colcon_core.shell:Creating environment hook '/home/laiting/HMR_WS/install/lidar_realsense_combination/share/lidar_realsense_combination/hook/pythonpath.sh'
[2.703s] Level 1:colcon.colcon_core.environment:checking '/home/laiting/HMR_WS/install/lidar_realsense_combination/bin'
[2.704s] Level 1:colcon.colcon_core.environment:create_environment_scripts_only(lidar_realsense_combination)
[2.706s] INFO:colcon.colcon_core.shell:Creating package script '/home/laiting/HMR_WS/install/lidar_realsense_combination/share/lidar_realsense_combination/package.ps1'
[2.707s] INFO:colcon.colcon_core.shell:Creating package descriptor '/home/laiting/HMR_WS/install/lidar_realsense_combination/share/lidar_realsense_combination/package.dsv'
[2.707s] INFO:colcon.colcon_core.shell:Creating package script '/home/laiting/HMR_WS/install/lidar_realsense_combination/share/lidar_realsense_combination/package.sh'
[2.708s] INFO:colcon.colcon_core.shell:Creating package script '/home/laiting/HMR_WS/install/lidar_realsense_combination/share/lidar_realsense_combination/package.bash'
[2.708s] INFO:colcon.colcon_core.shell:Creating package script '/home/laiting/HMR_WS/install/lidar_realsense_combination/share/lidar_realsense_combination/package.zsh'
[2.708s] Level 1:colcon.colcon_core.environment:create_file_with_runtime_dependencies(/home/laiting/HMR_WS/install/lidar_realsense_combination/share/colcon-core/packages/lidar_realsense_combination)
[2.727s] Level 1:colcon.colcon_core.environment:checking '/home/laiting/HMR_WS/install/nav_planning_BT' for CMake module files
[2.728s] DEBUG:colcon.colcon_core.event_handler.log_command:Invoked command in '/home/laiting/HMR_WS/src/nav_planning_BT' returned '0': PYTHONPATH=/home/laiting/HMR_WS/build/nav_planning_BT/prefix_override:/usr/lib/python3/dist-packages/colcon_core/task/python/colcon_distutils_commands:/home/laiting/HMR_WS/install/nav_planning_BT/lib/python3.10/site-packages:${PYTHONPATH} /usr/bin/python3 -W ignore:setup.py install is deprecated -W ignore:easy_install command is deprecated setup.py egg_info --egg-base ../../build/nav_planning_BT build --build-base /home/laiting/HMR_WS/build/nav_planning_BT/build install --record /home/laiting/HMR_WS/build/nav_planning_BT/install.log --single-version-externally-managed install_data
[2.728s] Level 1:colcon.colcon_core.environment:checking '/home/laiting/HMR_WS/install/nav_planning_BT' for CMake config files
[2.729s] Level 1:colcon.colcon_core.environment:checking '/home/laiting/HMR_WS/install/nav_planning_BT/lib'
[2.729s] Level 1:colcon.colcon_core.environment:checking '/home/laiting/HMR_WS/install/nav_planning_BT/bin'
[2.729s] Level 1:colcon.colcon_core.environment:checking '/home/laiting/HMR_WS/install/nav_planning_BT/lib/pkgconfig/nav_planning_BT.pc'
[2.729s] Level 1:colcon.colcon_core.environment:checking '/home/laiting/HMR_WS/install/nav_planning_BT/lib/python3.10/site-packages'
[2.729s] Level 1:colcon.colcon_core.shell:create_environment_hook('nav_planning_BT', 'pythonpath')
[2.730s] INFO:colcon.colcon_core.shell:Creating environment hook '/home/laiting/HMR_WS/install/nav_planning_BT/share/nav_planning_BT/hook/pythonpath.ps1'
[2.730s] INFO:colcon.colcon_core.shell:Creating environment descriptor '/home/laiting/HMR_WS/install/nav_planning_BT/share/nav_planning_BT/hook/pythonpath.dsv'
[2.730s] INFO:colcon.colcon_core.shell:Creating environment hook '/home/laiting/HMR_WS/install/nav_planning_BT/share/nav_planning_BT/hook/pythonpath.sh'
[2.731s] Level 1:colcon.colcon_core.environment:checking '/home/laiting/HMR_WS/install/nav_planning_BT/bin'
[2.731s] Level 1:colcon.colcon_core.environment:create_environment_scripts_only(nav_planning_BT)
[2.731s] INFO:colcon.colcon_core.shell:Creating package script '/home/laiting/HMR_WS/install/nav_planning_BT/share/nav_planning_BT/package.ps1'
[2.731s] INFO:colcon.colcon_core.shell:Creating package descriptor '/home/laiting/HMR_WS/install/nav_planning_BT/share/nav_planning_BT/package.dsv'
[2.732s] INFO:colcon.colcon_core.shell:Creating package script '/home/laiting/HMR_WS/install/nav_planning_BT/share/nav_planning_BT/package.sh'
[2.732s] INFO:colcon.colcon_core.shell:Creating package script '/home/laiting/HMR_WS/install/nav_planning_BT/share/nav_planning_BT/package.bash'
[2.733s] INFO:colcon.colcon_core.shell:Creating package script '/home/laiting/HMR_WS/install/nav_planning_BT/share/nav_planning_BT/package.zsh'
[2.733s] Level 1:colcon.colcon_core.environment:create_file_with_runtime_dependencies(/home/laiting/HMR_WS/install/nav_planning_BT/share/colcon-core/packages/nav_planning_BT)
[2.733s] DEBUG:colcon.colcon_parallel_executor.executor.parallel:closing loop
[2.733s] DEBUG:colcon.colcon_parallel_executor.executor.parallel:loop closed
[2.734s] DEBUG:colcon.colcon_parallel_executor.executor.parallel:run_until_complete finished with '0'
[2.734s] DEBUG:colcon.colcon_core.event_reactor:joining thread
[2.743s] INFO:colcon.colcon_core.plugin_system:Skipping extension 'colcon_notification.desktop_notification.terminal_notifier': Not used on non-Darwin systems
[2.743s] INFO:colcon.colcon_core.plugin_system:Skipping extension 'colcon_notification.desktop_notification.win32': Not used on non-Windows systems
[2.743s] INFO:colcon.colcon_notification.desktop_notification:Sending desktop notification using 'notify2'
[2.759s] DEBUG:colcon.colcon_core.event_reactor:joined thread
[2.759s] INFO:colcon.colcon_core.shell:Creating prefix script '/home/laiting/HMR_WS/install/local_setup.ps1'
[2.761s] INFO:colcon.colcon_core.shell:Creating prefix util module '/home/laiting/HMR_WS/install/_local_setup_util_ps1.py'
[2.762s] INFO:colcon.colcon_core.shell:Creating prefix chain script '/home/laiting/HMR_WS/install/setup.ps1'
[2.764s] INFO:colcon.colcon_core.shell:Creating prefix script '/home/laiting/HMR_WS/install/local_setup.sh'
[2.765s] INFO:colcon.colcon_core.shell:Creating prefix util module '/home/laiting/HMR_WS/install/_local_setup_util_sh.py'
[2.766s] INFO:colcon.colcon_core.shell:Creating prefix chain script '/home/laiting/HMR_WS/install/setup.sh'
[2.771s] INFO:colcon.colcon_core.shell:Creating prefix script '/home/laiting/HMR_WS/install/local_setup.bash'
[2.771s] INFO:colcon.colcon_core.shell:Creating prefix chain script '/home/laiting/HMR_WS/install/setup.bash'
[2.773s] INFO:colcon.colcon_core.shell:Creating prefix script '/home/laiting/HMR_WS/install/local_setup.zsh'
[2.774s] INFO:colcon.colcon_core.shell:Creating prefix chain script '/home/laiting/HMR_WS/install/setup.zsh'
