[0.943s] Invoking command in '/home/laiting/HMR_WS/build/rs_bringup': CMAKE_PREFIX_PATH=${CMAKE_PREFIX_PATH}:/home/laiting/turtlebot3_ws/install/turtlebot3_teleop:/home/laiting/turtlebot3_ws/install/turtlebot3_example:/home/laiting/ros2_ws_test/install/my_robot_controller:/opt/ros/humble /usr/bin/cmake --build /home/laiting/HMR_WS/build/rs_bringup -- -j12 -l12
[1.117s] Invoked command in '/home/laiting/HMR_WS/build/rs_bringup' returned '0': CMAKE_PREFIX_PATH=${CMAKE_PREFIX_PATH}:/home/laiting/turtlebot3_ws/install/turtlebot3_teleop:/home/laiting/turtlebot3_ws/install/turtlebot3_example:/home/laiting/ros2_ws_test/install/my_robot_controller:/opt/ros/humble /usr/bin/cmake --build /home/laiting/HMR_WS/build/rs_bringup -- -j12 -l12
[1.131s] Invoking command in '/home/laiting/HMR_WS/build/rs_bringup': CMAKE_PREFIX_PATH=${CMAKE_PREFIX_PATH}:/home/laiting/turtlebot3_ws/install/turtlebot3_teleop:/home/laiting/turtlebot3_ws/install/turtlebot3_example:/home/laiting/ros2_ws_test/install/my_robot_controller:/opt/ros/humble /usr/bin/cmake --install /home/laiting/HMR_WS/build/rs_bringup
[1.140s] -- Install configuration: ""
[1.141s] -- Up-to-date: /home/laiting/HMR_WS/install/rs_bringup/share/rs_bringup/launch
[1.141s] -- Up-to-date: /home/laiting/HMR_WS/install/rs_bringup/share/rs_bringup/launch/rs_launch.py
[1.141s] -- Up-to-date: /home/laiting/HMR_WS/install/rs_bringup/share/ament_index/resource_index/package_run_dependencies/rs_bringup
[1.141s] -- Up-to-date: /home/laiting/HMR_WS/install/rs_bringup/share/ament_index/resource_index/parent_prefix_path/rs_bringup
[1.141s] -- Up-to-date: /home/laiting/HMR_WS/install/rs_bringup/share/rs_bringup/environment/ament_prefix_path.sh
[1.142s] -- Up-to-date: /home/laiting/HMR_WS/install/rs_bringup/share/rs_bringup/environment/ament_prefix_path.dsv
[1.142s] -- Up-to-date: /home/laiting/HMR_WS/install/rs_bringup/share/rs_bringup/environment/path.sh
[1.142s] -- Up-to-date: /home/laiting/HMR_WS/install/rs_bringup/share/rs_bringup/environment/path.dsv
[1.142s] -- Up-to-date: /home/laiting/HMR_WS/install/rs_bringup/share/rs_bringup/local_setup.bash
[1.142s] -- Up-to-date: /home/laiting/HMR_WS/install/rs_bringup/share/rs_bringup/local_setup.sh
[1.142s] -- Up-to-date: /home/laiting/HMR_WS/install/rs_bringup/share/rs_bringup/local_setup.zsh
[1.142s] -- Up-to-date: /home/laiting/HMR_WS/install/rs_bringup/share/rs_bringup/local_setup.dsv
[1.142s] -- Installing: /home/laiting/HMR_WS/install/rs_bringup/share/rs_bringup/package.dsv
[1.143s] -- Up-to-date: /home/laiting/HMR_WS/install/rs_bringup/share/ament_index/resource_index/packages/rs_bringup
[1.143s] -- Up-to-date: /home/laiting/HMR_WS/install/rs_bringup/share/rs_bringup/cmake/rs_bringupConfig.cmake
[1.143s] -- Up-to-date: /home/laiting/HMR_WS/install/rs_bringup/share/rs_bringup/cmake/rs_bringupConfig-version.cmake
[1.143s] -- Up-to-date: /home/laiting/HMR_WS/install/rs_bringup/share/rs_bringup/package.xml
[1.146s] Invoked command in '/home/laiting/HMR_WS/build/rs_bringup' returned '0': CMAKE_PREFIX_PATH=${CMAKE_PREFIX_PATH}:/home/laiting/turtlebot3_ws/install/turtlebot3_teleop:/home/laiting/turtlebot3_ws/install/turtlebot3_example:/home/laiting/ros2_ws_test/install/my_robot_controller:/opt/ros/humble /usr/bin/cmake --install /home/laiting/HMR_WS/build/rs_bringup
