[0.344s] DEBUG:colcon:Command line arguments: ['/usr/bin/colcon', 'list', '-p', '--base-paths', '/home/laiting/HMR_WS']
[0.344s] DEBUG:colcon:Parsed command line arguments: Namespace(log_base=None, log_level=None, verb_name='list', build_base='build', ignore_user_meta=False, metas=['./colcon.meta'], base_paths=['/home/laiting/HMR_WS'], packages_ignore=None, packages_ignore_regex=None, paths=None, packages_up_to=None, packages_up_to_regex=None, packages_above=None, packages_above_and_dependencies=None, packages_above_depth=None, packages_select_by_dep=None, packages_skip_by_dep=None, packages_skip_up_to=None, packages_select_build_failed=False, packages_skip_build_finished=False, packages_select_test_failures=False, packages_skip_test_passed=False, packages_select=None, packages_skip=None, packages_select_regex=None, packages_skip_regex=None, packages_start=None, packages_end=None, allow_overriding=[], topological_order=False, names_only=False, paths_only=True, topological_graph=False, topological_graph_dot=False, topological_graph_density=False, topological_graph_legend=False, topological_graph_dot_cluster=False, topological_graph_dot_include_skipped=False, verb_parser=<colcon_defaults.argument_parser.defaults.DefaultArgumentsDecorator object at 0x7557aee6a740>, verb_extension=<colcon_package_information.verb.list.ListVerb object at 0x7557aee6a0b0>, main=<bound method ListVerb.main of <colcon_package_information.verb.list.ListVerb object at 0x7557aee6a0b0>>)
[1.140s] Level 1:colcon.colcon_core.package_discovery:discover_packages(colcon_meta) check parameters
[1.141s] Level 1:colcon.colcon_core.package_discovery:discover_packages(recursive) check parameters
[1.141s] Level 1:colcon.colcon_core.package_discovery:discover_packages(ignore) check parameters
[1.141s] Level 1:colcon.colcon_core.package_discovery:discover_packages(path) check parameters
[1.141s] Level 1:colcon.colcon_core.package_discovery:discover_packages(recursive) discover
[1.141s] INFO:colcon.colcon_core.package_discovery:Crawling recursively for packages in '/home/laiting/HMR_WS'
[1.142s] Level 1:colcon.colcon_core.package_identification:_identify(/home/laiting/HMR_WS) by extensions ['ignore', 'ignore_ament_install']
[1.142s] Level 1:colcon.colcon_core.package_identification:_identify(/home/laiting/HMR_WS) by extension 'ignore'
[1.142s] Level 1:colcon.colcon_core.package_identification:_identify(/home/laiting/HMR_WS) by extension 'ignore_ament_install'
[1.142s] Level 1:colcon.colcon_core.package_identification:_identify(/home/laiting/HMR_WS) by extensions ['colcon_pkg']
[1.142s] Level 1:colcon.colcon_core.package_identification:_identify(/home/laiting/HMR_WS) by extension 'colcon_pkg'
[1.142s] Level 1:colcon.colcon_core.package_identification:_identify(/home/laiting/HMR_WS) by extensions ['colcon_meta']
[1.143s] Level 1:colcon.colcon_core.package_identification:_identify(/home/laiting/HMR_WS) by extension 'colcon_meta'
[1.143s] Level 1:colcon.colcon_core.package_identification:_identify(/home/laiting/HMR_WS) by extensions ['ros']
[1.143s] Level 1:colcon.colcon_core.package_identification:_identify(/home/laiting/HMR_WS) by extension 'ros'
[1.171s] Level 1:colcon.colcon_core.package_identification:_identify(/home/laiting/HMR_WS) by extensions ['cmake', 'python']
[1.172s] Level 1:colcon.colcon_core.package_identification:_identify(/home/laiting/HMR_WS) by extension 'cmake'
[1.172s] Level 1:colcon.colcon_core.package_identification:_identify(/home/laiting/HMR_WS) by extension 'python'
[1.173s] Level 1:colcon.colcon_core.package_identification:_identify(/home/laiting/HMR_WS) by extensions ['python_setup_py']
[1.173s] Level 1:colcon.colcon_core.package_identification:_identify(/home/laiting/HMR_WS) by extension 'python_setup_py'
[1.174s] Level 1:colcon.colcon_core.package_identification:_identify(/home/laiting/HMR_WS/build) by extensions ['ignore', 'ignore_ament_install']
[1.175s] Level 1:colcon.colcon_core.package_identification:_identify(/home/laiting/HMR_WS/build) by extension 'ignore'
[1.175s] Level 1:colcon.colcon_core.package_identification:_identify(/home/laiting/HMR_WS/build) ignored
[1.176s] Level 1:colcon.colcon_core.package_identification:_identify(/home/laiting/HMR_WS/install) by extensions ['ignore', 'ignore_ament_install']
[1.177s] Level 1:colcon.colcon_core.package_identification:_identify(/home/laiting/HMR_WS/install) by extension 'ignore'
[1.178s] Level 1:colcon.colcon_core.package_identification:_identify(/home/laiting/HMR_WS/install) ignored
[1.179s] Level 1:colcon.colcon_core.package_identification:_identify(/home/laiting/HMR_WS/log) by extensions ['ignore', 'ignore_ament_install']
[1.180s] Level 1:colcon.colcon_core.package_identification:_identify(/home/laiting/HMR_WS/log) by extension 'ignore'
[1.180s] Level 1:colcon.colcon_core.package_identification:_identify(/home/laiting/HMR_WS/log) ignored
[1.181s] Level 1:colcon.colcon_core.package_identification:_identify(/home/laiting/HMR_WS/src) by extensions ['ignore', 'ignore_ament_install']
[1.181s] Level 1:colcon.colcon_core.package_identification:_identify(/home/laiting/HMR_WS/src) by extension 'ignore'
[1.182s] Level 1:colcon.colcon_core.package_identification:_identify(/home/laiting/HMR_WS/src) by extension 'ignore_ament_install'
[1.182s] Level 1:colcon.colcon_core.package_identification:_identify(/home/laiting/HMR_WS/src) by extensions ['colcon_pkg']
[1.182s] Level 1:colcon.colcon_core.package_identification:_identify(/home/laiting/HMR_WS/src) by extension 'colcon_pkg'
[1.183s] Level 1:colcon.colcon_core.package_identification:_identify(/home/laiting/HMR_WS/src) by extensions ['colcon_meta']
[1.183s] Level 1:colcon.colcon_core.package_identification:_identify(/home/laiting/HMR_WS/src) by extension 'colcon_meta'
[1.183s] Level 1:colcon.colcon_core.package_identification:_identify(/home/laiting/HMR_WS/src) by extensions ['ros']
[1.184s] Level 1:colcon.colcon_core.package_identification:_identify(/home/laiting/HMR_WS/src) by extension 'ros'
[1.184s] Level 1:colcon.colcon_core.package_identification:_identify(/home/laiting/HMR_WS/src) by extensions ['cmake', 'python']
[1.184s] Level 1:colcon.colcon_core.package_identification:_identify(/home/laiting/HMR_WS/src) by extension 'cmake'
[1.185s] Level 1:colcon.colcon_core.package_identification:_identify(/home/laiting/HMR_WS/src) by extension 'python'
[1.185s] Level 1:colcon.colcon_core.package_identification:_identify(/home/laiting/HMR_WS/src) by extensions ['python_setup_py']
[1.185s] Level 1:colcon.colcon_core.package_identification:_identify(/home/laiting/HMR_WS/src) by extension 'python_setup_py'
[1.186s] Level 1:colcon.colcon_core.package_identification:_identify(/home/laiting/HMR_WS/src/nav_planning_BT) by extensions ['ignore', 'ignore_ament_install']
[1.186s] Level 1:colcon.colcon_core.package_identification:_identify(/home/laiting/HMR_WS/src/nav_planning_BT) by extension 'ignore'
[1.187s] Level 1:colcon.colcon_core.package_identification:_identify(/home/laiting/HMR_WS/src/nav_planning_BT) by extension 'ignore_ament_install'
[1.187s] Level 1:colcon.colcon_core.package_identification:_identify(/home/laiting/HMR_WS/src/nav_planning_BT) by extensions ['colcon_pkg']
[1.187s] Level 1:colcon.colcon_core.package_identification:_identify(/home/laiting/HMR_WS/src/nav_planning_BT) by extension 'colcon_pkg'
[1.187s] Level 1:colcon.colcon_core.package_identification:_identify(/home/laiting/HMR_WS/src/nav_planning_BT) by extensions ['colcon_meta']
[1.187s] Level 1:colcon.colcon_core.package_identification:_identify(/home/laiting/HMR_WS/src/nav_planning_BT) by extension 'colcon_meta'
[1.187s] Level 1:colcon.colcon_core.package_identification:_identify(/home/laiting/HMR_WS/src/nav_planning_BT) by extensions ['ros']
[1.188s] Level 1:colcon.colcon_core.package_identification:_identify(/home/laiting/HMR_WS/src/nav_planning_BT) by extension 'ros'
[1.197s] DEBUG:colcon.colcon_core.package_identification:Package '/home/laiting/HMR_WS/src/nav_planning_BT' with type 'ros.ament_python' and name 'nav_planning_BT'
[1.197s] Level 1:colcon.colcon_core.package_discovery:discover_packages(recursive) using defaults
