[0.366s] Invoking command in '/home/laiting/HMR_WS/build/rs_bringup': CMAKE_PREFIX_PATH=${CMAKE_PREFIX_PATH}:/home/laiting/turtlebot3_ws/install/turtlebot3_teleop:/home/laiting/turtlebot3_ws/install/turtlebot3_example:/home/laiting/ros2_ws_test/install/my_robot_controller:/opt/ros/humble /usr/bin/cmake /home/laiting/HMR_WS/src/rs_bringup -DCMAKE_INSTALL_PREFIX=/home/laiting/HMR_WS/install/rs_bringup
[0.463s] -- The C compiler identification is GNU 11.4.0
[0.538s] -- The CXX compiler identification is GNU 11.4.0
[0.547s] -- Detecting C compiler ABI info
[0.627s] -- Detecting C compiler ABI info - done
[0.636s] -- Check for working C compiler: /usr/bin/cc - skipped
[0.636s] -- Detecting C compile features
[0.637s] -- Detecting C compile features - done
[0.640s] -- Detecting CXX compiler ABI info
[0.728s] -- Detecting CXX compiler ABI info - done
[0.736s] -- Check for working CXX compiler: /usr/bin/c++ - skipped
[0.736s] -- Detecting CXX compile features
[0.737s] -- Detecting CXX compile features - done
[0.750s] -- Found ament_cmake: 1.3.11 (/opt/ros/humble/share/ament_cmake/cmake)
[0.920s] -- Found Python3: /usr/bin/python3 (found version "3.10.12") found components: Interpreter 
[1.139s] -- Configuring done
[1.142s] -- Generating done
[1.144s] -- Build files have been written to: /home/laiting/HMR_WS/build/rs_bringup
[1.152s] Invoked command in '/home/laiting/HMR_WS/build/rs_bringup' returned '0': CMAKE_PREFIX_PATH=${CMAKE_PREFIX_PATH}:/home/laiting/turtlebot3_ws/install/turtlebot3_teleop:/home/laiting/turtlebot3_ws/install/turtlebot3_example:/home/laiting/ros2_ws_test/install/my_robot_controller:/opt/ros/humble /usr/bin/cmake /home/laiting/HMR_WS/src/rs_bringup -DCMAKE_INSTALL_PREFIX=/home/laiting/HMR_WS/install/rs_bringup
[1.154s] Invoking command in '/home/laiting/HMR_WS/build/rs_bringup': CMAKE_PREFIX_PATH=${CMAKE_PREFIX_PATH}:/home/laiting/turtlebot3_ws/install/turtlebot3_teleop:/home/laiting/turtlebot3_ws/install/turtlebot3_example:/home/laiting/ros2_ws_test/install/my_robot_controller:/opt/ros/humble /usr/bin/cmake --build /home/laiting/HMR_WS/build/rs_bringup -- -j12 -l12
[1.197s] Invoked command in '/home/laiting/HMR_WS/build/rs_bringup' returned '0': CMAKE_PREFIX_PATH=${CMAKE_PREFIX_PATH}:/home/laiting/turtlebot3_ws/install/turtlebot3_teleop:/home/laiting/turtlebot3_ws/install/turtlebot3_example:/home/laiting/ros2_ws_test/install/my_robot_controller:/opt/ros/humble /usr/bin/cmake --build /home/laiting/HMR_WS/build/rs_bringup -- -j12 -l12
[1.207s] Invoking command in '/home/laiting/HMR_WS/build/rs_bringup': CMAKE_PREFIX_PATH=${CMAKE_PREFIX_PATH}:/home/laiting/turtlebot3_ws/install/turtlebot3_teleop:/home/laiting/turtlebot3_ws/install/turtlebot3_example:/home/laiting/ros2_ws_test/install/my_robot_controller:/opt/ros/humble /usr/bin/cmake --install /home/laiting/HMR_WS/build/rs_bringup
[1.217s] -- Install configuration: ""
[1.218s] -- Installing: /home/laiting/HMR_WS/install/rs_bringup/share/rs_bringup/launch
[1.218s] -- Installing: /home/laiting/HMR_WS/install/rs_bringup/share/rs_bringup/launch/rs_launch.py
[1.218s] -- Installing: /home/laiting/HMR_WS/install/rs_bringup/share/ament_index/resource_index/package_run_dependencies/rs_bringup
[1.219s] -- Installing: /home/laiting/HMR_WS/install/rs_bringup/share/ament_index/resource_index/parent_prefix_path/rs_bringup
[1.219s] -- Installing: /home/laiting/HMR_WS/install/rs_bringup/share/rs_bringup/environment/ament_prefix_path.sh
[1.219s] -- Installing: /home/laiting/HMR_WS/install/rs_bringup/share/rs_bringup/environment/ament_prefix_path.dsv
[1.220s] -- Installing: /home/laiting/HMR_WS/install/rs_bringup/share/rs_bringup/environment/path.sh
[1.220s] -- Installing: /home/laiting/HMR_WS/install/rs_bringup/share/rs_bringup/environment/path.dsv
[1.220s] -- Installing: /home/laiting/HMR_WS/install/rs_bringup/share/rs_bringup/local_setup.bash
[1.220s] -- Installing: /home/laiting/HMR_WS/install/rs_bringup/share/rs_bringup/local_setup.sh
[1.220s] -- Installing: /home/laiting/HMR_WS/install/rs_bringup/share/rs_bringup/local_setup.zsh
[1.220s] -- Installing: /home/laiting/HMR_WS/install/rs_bringup/share/rs_bringup/local_setup.dsv
[1.221s] -- Installing: /home/laiting/HMR_WS/install/rs_bringup/share/rs_bringup/package.dsv
[1.221s] -- Installing: /home/laiting/HMR_WS/install/rs_bringup/share/ament_index/resource_index/packages/rs_bringup
[1.221s] -- Installing: /home/laiting/HMR_WS/install/rs_bringup/share/rs_bringup/cmake/rs_bringupConfig.cmake
[1.222s] -- Installing: /home/laiting/HMR_WS/install/rs_bringup/share/rs_bringup/cmake/rs_bringupConfig-version.cmake
[1.222s] -- Installing: /home/laiting/HMR_WS/install/rs_bringup/share/rs_bringup/package.xml
[1.227s] Invoked command in '/home/laiting/HMR_WS/build/rs_bringup' returned '0': CMAKE_PREFIX_PATH=${CMAKE_PREFIX_PATH}:/home/laiting/turtlebot3_ws/install/turtlebot3_teleop:/home/laiting/turtlebot3_ws/install/turtlebot3_example:/home/laiting/ros2_ws_test/install/my_robot_controller:/opt/ros/humble /usr/bin/cmake --install /home/laiting/HMR_WS/build/rs_bringup
