/home/laiting/HMR_WS/install/nav_planning_BT/lib/python3.10/site-packages/nav_planning_BT/situation_table_node.py
/home/laiting/HMR_WS/install/nav_planning_BT/lib/python3.10/site-packages/nav_planning_BT/basic_condition_testing_node.py
/home/laiting/HMR_WS/install/nav_planning_BT/lib/python3.10/site-packages/nav_planning_BT/nav_planning_BT_node.py
/home/laiting/HMR_WS/install/nav_planning_BT/lib/python3.10/site-packages/nav_planning_BT/__init__.py
/home/laiting/HMR_WS/install/nav_planning_BT/lib/python3.10/site-packages/nav_planning_BT/nav_to_safe_point.py
/home/laiting/HMR_WS/install/nav_planning_BT/lib/python3.10/site-packages/nav_planning_BT/__pycache__/situation_table_node.cpython-310.pyc
/home/laiting/HMR_WS/install/nav_planning_BT/lib/python3.10/site-packages/nav_planning_BT/__pycache__/basic_condition_testing_node.cpython-310.pyc
/home/laiting/HMR_WS/install/nav_planning_BT/lib/python3.10/site-packages/nav_planning_BT/__pycache__/nav_planning_BT_node.cpython-310.pyc
/home/laiting/HMR_WS/install/nav_planning_BT/lib/python3.10/site-packages/nav_planning_BT/__pycache__/__init__.cpython-310.pyc
/home/laiting/HMR_WS/install/nav_planning_BT/lib/python3.10/site-packages/nav_planning_BT/__pycache__/nav_to_safe_point.cpython-310.pyc
/home/laiting/HMR_WS/install/nav_planning_BT/share/ament_index/resource_index/packages/nav_planning_BT
/home/laiting/HMR_WS/install/nav_planning_BT/share/nav_planning_BT/package.xml
/home/laiting/HMR_WS/install/nav_planning_BT/lib/python3.10/site-packages/nav_planning_BT-0.0.0-py3.10.egg-info/zip-safe
/home/laiting/HMR_WS/install/nav_planning_BT/lib/python3.10/site-packages/nav_planning_BT-0.0.0-py3.10.egg-info/SOURCES.txt
/home/laiting/HMR_WS/install/nav_planning_BT/lib/python3.10/site-packages/nav_planning_BT-0.0.0-py3.10.egg-info/dependency_links.txt
/home/laiting/HMR_WS/install/nav_planning_BT/lib/python3.10/site-packages/nav_planning_BT-0.0.0-py3.10.egg-info/PKG-INFO
/home/laiting/HMR_WS/install/nav_planning_BT/lib/python3.10/site-packages/nav_planning_BT-0.0.0-py3.10.egg-info/entry_points.txt
/home/laiting/HMR_WS/install/nav_planning_BT/lib/python3.10/site-packages/nav_planning_BT-0.0.0-py3.10.egg-info/requires.txt
/home/laiting/HMR_WS/install/nav_planning_BT/lib/python3.10/site-packages/nav_planning_BT-0.0.0-py3.10.egg-info/top_level.txt
/home/laiting/HMR_WS/install/nav_planning_BT/lib/nav_planning_BT/basic_condition_testing_node
/home/laiting/HMR_WS/install/nav_planning_BT/lib/nav_planning_BT/nav_planning_BT_node
/home/laiting/HMR_WS/install/nav_planning_BT/lib/nav_planning_BT/nav_to_safe_point
/home/laiting/HMR_WS/install/nav_planning_BT/lib/nav_planning_BT/situation_table_node
