[0.336s] Invoking command in '/home/laiting/HMR_WS/build/rs_bringup': CMAKE_PREFIX_PATH=${CMAKE_PREFIX_PATH}:/home/laiting/turtlebot3_ws/install/turtlebot3_teleop:/home/laiting/turtlebot3_ws/install/turtlebot3_example:/home/laiting/ros2_ws_test/install/my_robot_controller:/opt/ros/humble /usr/bin/cmake --build /home/laiting/HMR_WS/build/rs_bringup -- -j12 -l12
[0.381s] Invoked command in '/home/laiting/HMR_WS/build/rs_bringup' returned '0': CMAKE_PREFIX_PATH=${CMAKE_PREFIX_PATH}:/home/laiting/turtlebot3_ws/install/turtlebot3_teleop:/home/laiting/turtlebot3_ws/install/turtlebot3_example:/home/laiting/ros2_ws_test/install/my_robot_controller:/opt/ros/humble /usr/bin/cmake --build /home/laiting/HMR_WS/build/rs_bringup -- -j12 -l12
[0.392s] Invoking command in '/home/laiting/HMR_WS/build/rs_bringup': CMAKE_PREFIX_PATH=${CMAKE_PREFIX_PATH}:/home/laiting/turtlebot3_ws/install/turtlebot3_teleop:/home/laiting/turtlebot3_ws/install/turtlebot3_example:/home/laiting/ros2_ws_test/install/my_robot_controller:/opt/ros/humble /usr/bin/cmake --install /home/laiting/HMR_WS/build/rs_bringup
[0.401s] -- Install configuration: ""
[0.401s] -- Up-to-date: /home/laiting/HMR_WS/install/rs_bringup/share/rs_bringup/launch
[0.401s] -- Up-to-date: /home/laiting/HMR_WS/install/rs_bringup/share/rs_bringup/launch/rs_launch.py
[0.401s] -- Up-to-date: /home/laiting/HMR_WS/install/rs_bringup/share/ament_index/resource_index/package_run_dependencies/rs_bringup
[0.402s] -- Up-to-date: /home/laiting/HMR_WS/install/rs_bringup/share/ament_index/resource_index/parent_prefix_path/rs_bringup
[0.402s] -- Up-to-date: /home/laiting/HMR_WS/install/rs_bringup/share/rs_bringup/environment/ament_prefix_path.sh
[0.402s] -- Up-to-date: /home/laiting/HMR_WS/install/rs_bringup/share/rs_bringup/environment/ament_prefix_path.dsv
[0.402s] -- Up-to-date: /home/laiting/HMR_WS/install/rs_bringup/share/rs_bringup/environment/path.sh
[0.402s] -- Up-to-date: /home/laiting/HMR_WS/install/rs_bringup/share/rs_bringup/environment/path.dsv
[0.402s] -- Up-to-date: /home/laiting/HMR_WS/install/rs_bringup/share/rs_bringup/local_setup.bash
[0.402s] -- Up-to-date: /home/laiting/HMR_WS/install/rs_bringup/share/rs_bringup/local_setup.sh
[0.402s] -- Up-to-date: /home/laiting/HMR_WS/install/rs_bringup/share/rs_bringup/local_setup.zsh
[0.402s] -- Up-to-date: /home/laiting/HMR_WS/install/rs_bringup/share/rs_bringup/local_setup.dsv
[0.402s] -- Installing: /home/laiting/HMR_WS/install/rs_bringup/share/rs_bringup/package.dsv
[0.402s] -- Up-to-date: /home/laiting/HMR_WS/install/rs_bringup/share/ament_index/resource_index/packages/rs_bringup
[0.403s] -- Up-to-date: /home/laiting/HMR_WS/install/rs_bringup/share/rs_bringup/cmake/rs_bringupConfig.cmake
[0.403s] -- Up-to-date: /home/laiting/HMR_WS/install/rs_bringup/share/rs_bringup/cmake/rs_bringupConfig-version.cmake
[0.403s] -- Up-to-date: /home/laiting/HMR_WS/install/rs_bringup/share/rs_bringup/package.xml
[0.404s] Invoked command in '/home/laiting/HMR_WS/build/rs_bringup' returned '0': CMAKE_PREFIX_PATH=${CMAKE_PREFIX_PATH}:/home/laiting/turtlebot3_ws/install/turtlebot3_teleop:/home/laiting/turtlebot3_ws/install/turtlebot3_example:/home/laiting/ros2_ws_test/install/my_robot_controller:/opt/ros/humble /usr/bin/cmake --install /home/laiting/HMR_WS/build/rs_bringup
