running egg_info
writing ../../build/nav_planning_BT/nav_planning_BT.egg-info/PKG-INFO
writing dependency_links to ../../build/nav_planning_BT/nav_planning_BT.egg-info/dependency_links.txt
writing entry points to ../../build/nav_planning_BT/nav_planning_BT.egg-info/entry_points.txt
writing requirements to ../../build/nav_planning_BT/nav_planning_BT.egg-info/requires.txt
writing top-level names to ../../build/nav_planning_BT/nav_planning_BT.egg-info/top_level.txt
reading manifest file '../../build/nav_planning_BT/nav_planning_BT.egg-info/SOURCES.txt'
writing manifest file '../../build/nav_planning_BT/nav_planning_BT.egg-info/SOURCES.txt'
running build
running build_py
running install
running install_lib
running install_data
running install_egg_info
removing '/home/laiting/HMR_WS/install/nav_planning_BT/lib/python3.10/site-packages/nav_planning_BT-0.0.0-py3.10.egg-info' (and everything under it)
Copying ../../build/nav_planning_BT/nav_planning_BT.egg-info to /home/laiting/HMR_WS/install/nav_planning_BT/lib/python3.10/site-packages/nav_planning_BT-0.0.0-py3.10.egg-info
running install_scripts
Installing basic_condition_testing_node script to /home/laiting/HMR_WS/install/nav_planning_BT/lib/nav_planning_BT
Installing nav_planning_BT_node script to /home/laiting/HMR_WS/install/nav_planning_BT/lib/nav_planning_BT
Installing nav_to_safe_point script to /home/laiting/HMR_WS/install/nav_planning_BT/lib/nav_planning_BT
Installing nearest_wall_finder script to /home/laiting/HMR_WS/install/nav_planning_BT/lib/nav_planning_BT
Installing situation_table_node script to /home/laiting/HMR_WS/install/nav_planning_BT/lib/nav_planning_BT
writing list of installed files to '/home/laiting/HMR_WS/build/nav_planning_BT/install.log'
